<?xml version="1.0" encoding="UTF-8"?>
<coverage generated="1605287307047" clover="3.2.0">
  <project timestamp="1605287307048" name="All files">
    <metrics statements="339" coveredstatements="277" conditionals="102" coveredconditionals="79" methods="171" coveredmethods="106" elements="612" coveredelements="462" complexity="0" loc="339" ncloc="339" packages="18" files="26" classes="26"/>
    <package name="src">
      <metrics statements="2" coveredstatements="2" conditionals="0" coveredconditionals="0" methods="2" coveredmethods="2"/>
      <file name="App.js" path="/home/taekop/swpp/swpp2020-team2/frontend/src/App.js">
        <metrics statements="2" coveredstatements="2" conditionals="0" coveredconditionals="0" methods="2" coveredmethods="2"/>
        <line num="15" count="2" type="stmt"/>
        <line num="27" count="2" type="stmt"/>
      </file>
    </package>
    <package name="src.components.Calendar">
      <metrics statements="50" coveredstatements="50" conditionals="6" coveredconditionals="6" methods="15" coveredmethods="13"/>
      <file name="Calendar.js" path="/home/taekop/swpp/swpp2020-team2/frontend/src/components/Calendar/Calendar.js">
        <metrics statements="50" coveredstatements="50" conditionals="6" coveredconditionals="6" methods="15" coveredmethods="13"/>
        <line num="15" count="3" type="stmt"/>
        <line num="18" count="21" type="stmt"/>
        <line num="19" count="21" type="stmt"/>
        <line num="20" count="1" type="stmt"/>
        <line num="22" count="21" type="stmt"/>
        <line num="23" count="1" type="stmt"/>
        <line num="25" count="21" type="stmt"/>
        <line num="26" count="21" type="stmt"/>
        <line num="27" count="21" type="stmt"/>
        <line num="29" count="1" type="stmt"/>
        <line num="35" count="1" type="stmt"/>
        <line num="41" count="21" type="stmt"/>
        <line num="42" count="21" type="stmt"/>
        <line num="43" count="21" type="stmt"/>
        <line num="44" count="21" type="stmt"/>
        <line num="45" count="147" type="stmt"/>
        <line num="47" count="21" type="stmt"/>
        <line num="49" count="21" type="stmt"/>
        <line num="50" count="21" type="stmt"/>
        <line num="51" count="21" type="stmt"/>
        <line num="52" count="21" type="stmt"/>
        <line num="53" count="21" type="stmt"/>
        <line num="54" count="21" type="stmt"/>
        <line num="55" count="21" type="stmt"/>
        <line num="56" count="21" type="stmt"/>
        <line num="57" count="21" type="stmt"/>
        <line num="58" count="21" type="stmt"/>
        <line num="59" count="21" type="stmt"/>
        <line num="60" count="21" type="stmt"/>
        <line num="61" count="735" type="cond" truecount="2" falsecount="0"/>
        <line num="62" count="631" type="stmt"/>
        <line num="65" count="21" type="stmt"/>
        <line num="67" count="21" type="stmt"/>
        <line num="68" count="105" type="stmt"/>
        <line num="69" count="735" type="stmt"/>
        <line num="70" count="735" type="stmt"/>
        <line num="71" count="8400" type="cond" truecount="2" falsecount="0"/>
        <line num="72" count="735" type="stmt"/>
        <line num="73" count="735" type="stmt"/>
        <line num="74" count="735" type="stmt"/>
        <line num="75" count="5880" type="cond" truecount="2" falsecount="0"/>
        <line num="77" count="735" type="stmt"/>
        <line num="78" count="735" type="stmt"/>
        <line num="82" count="2" type="stmt"/>
        <line num="83" count="1" type="stmt"/>
        <line num="91" count="735" type="stmt"/>
        <line num="93" count="105" type="stmt"/>
        <line num="98" count="105" type="stmt"/>
        <line num="100" count="21" type="stmt"/>
        <line num="103" count="21" type="stmt"/>
      </file>
    </package>
    <package name="src.components.List">
      <metrics statements="8" coveredstatements="0" conditionals="0" coveredconditionals="0" methods="3" coveredmethods="0"/>
      <file name="List.js" path="/home/taekop/swpp/swpp2020-team2/frontend/src/components/List/List.js">
        <metrics statements="8" coveredstatements="0" conditionals="0" coveredconditionals="0" methods="3" coveredmethods="0"/>
        <line num="4" count="0" type="stmt"/>
        <line num="5" count="0" type="stmt"/>
        <line num="8" count="0" type="stmt"/>
        <line num="9" count="0" type="stmt"/>
        <line num="18" count="0" type="stmt"/>
        <line num="19" count="0" type="stmt"/>
        <line num="20" count="0" type="stmt"/>
        <line num="22" count="0" type="stmt"/>
      </file>
    </package>
    <package name="src.components.SideBar">
      <metrics statements="24" coveredstatements="24" conditionals="0" coveredconditionals="0" methods="16" coveredmethods="16"/>
      <file name="SideBar.js" path="/home/taekop/swpp/swpp2020-team2/frontend/src/components/SideBar/SideBar.js">
        <metrics statements="24" coveredstatements="24" conditionals="0" coveredconditionals="0" methods="16" coveredmethods="16"/>
        <line num="5" count="3" type="stmt"/>
        <line num="14" count="18" type="stmt"/>
        <line num="15" count="18" type="stmt"/>
        <line num="18" count="2" type="stmt"/>
        <line num="19" count="2" type="stmt"/>
        <line num="25" count="2" type="stmt"/>
        <line num="29" count="2" type="stmt"/>
        <line num="32" count="18" type="stmt"/>
        <line num="33" count="18" type="stmt"/>
        <line num="34" count="18" type="stmt"/>
        <line num="35" count="18" type="stmt"/>
        <line num="36" count="144" type="stmt"/>
        <line num="37" count="3" type="stmt"/>
        <line num="43" count="18" type="stmt"/>
        <line num="49" count="2" type="stmt"/>
        <line num="54" count="2" type="stmt"/>
        <line num="62" count="3" type="stmt"/>
        <line num="63" count="2" type="stmt"/>
        <line num="64" count="2" type="stmt"/>
        <line num="68" count="3" type="stmt"/>
        <line num="74" count="18" type="stmt"/>
        <line num="75" count="18" type="stmt"/>
        <line num="77" count="2" type="stmt"/>
        <line num="83" count="18" type="stmt"/>
      </file>
    </package>
    <package name="src.components.TopBar">
      <metrics statements="2" coveredstatements="2" conditionals="0" coveredconditionals="0" methods="1" coveredmethods="1"/>
      <file name="TopBar.js" path="/home/taekop/swpp/swpp2020-team2/frontend/src/components/TopBar/TopBar.js">
        <metrics statements="2" coveredstatements="2" conditionals="0" coveredconditionals="0" methods="1" coveredmethods="1"/>
        <line num="4" count="3" type="stmt"/>
        <line num="5" count="18" type="stmt"/>
      </file>
    </package>
    <package name="src.components.eventBox">
      <metrics statements="3" coveredstatements="1" conditionals="14" coveredconditionals="0" methods="2" coveredmethods="0"/>
      <file name="EventBox.js" path="/home/taekop/swpp/swpp2020-team2/frontend/src/components/eventBox/EventBox.js">
        <metrics statements="3" coveredstatements="1" conditionals="14" coveredconditionals="0" methods="2" coveredmethods="0"/>
        <line num="8" count="2" type="stmt"/>
        <line num="9" count="0" type="stmt"/>
        <line num="27" count="0" type="stmt"/>
      </file>
    </package>
    <package name="src.components.eventListModal">
      <metrics statements="20" coveredstatements="13" conditionals="0" coveredconditionals="0" methods="15" coveredmethods="5"/>
      <file name="EventListModal.js" path="/home/taekop/swpp/swpp2020-team2/frontend/src/components/eventListModal/EventListModal.js">
        <metrics statements="20" coveredstatements="13" conditionals="0" coveredconditionals="0" methods="15" coveredmethods="5"/>
        <line num="12" count="1" type="stmt"/>
        <line num="19" count="1" type="stmt"/>
        <line num="20" count="1" type="stmt"/>
        <line num="21" count="1" type="stmt"/>
        <line num="28" count="1" type="stmt"/>
        <line num="32" count="1" type="stmt"/>
        <line num="36" count="1" type="stmt"/>
        <line num="40" count="1" type="stmt"/>
        <line num="41" count="0" type="stmt"/>
        <line num="45" count="2" type="stmt"/>
        <line num="46" count="0" type="stmt"/>
        <line num="48" count="0" type="stmt"/>
        <line num="49" count="0" type="stmt"/>
        <line num="50" count="0" type="stmt"/>
        <line num="51" count="0" type="stmt"/>
        <line num="54" count="2" type="stmt"/>
        <line num="70" count="0" type="stmt"/>
        <line num="75" count="1" type="stmt"/>
        <line num="90" count="2" type="stmt"/>
        <line num="94" count="2" type="stmt"/>
      </file>
    </package>
    <package name="src.containers.event.Create">
      <metrics statements="16" coveredstatements="2" conditionals="4" coveredconditionals="0" methods="18" coveredmethods="0"/>
      <file name="EventCreate.js" path="/home/taekop/swpp/swpp2020-team2/frontend/src/containers/event/Create/EventCreate.js">
        <metrics statements="16" coveredstatements="2" conditionals="4" coveredconditionals="0" methods="18" coveredmethods="0"/>
        <line num="11" count="0" type="stmt"/>
        <line num="21" count="0" type="stmt"/>
        <line num="25" count="0" type="stmt"/>
        <line num="26" count="0" type="stmt"/>
        <line num="30" count="0" type="cond" truecount="0" falsecount="4"/>
        <line num="32" count="0" type="stmt"/>
        <line num="41" count="0" type="stmt"/>
        <line num="57" count="0" type="stmt"/>
        <line num="94" count="0" type="stmt"/>
        <line num="118" count="0" type="stmt"/>
        <line num="125" count="0" type="stmt"/>
        <line num="140" count="0" type="stmt"/>
        <line num="157" count="0" type="stmt"/>
        <line num="169" count="1" type="stmt"/>
        <line num="174" count="1" type="stmt"/>
        <line num="175" count="0" type="stmt"/>
      </file>
    </package>
    <package name="src.containers.event.Detail">
      <metrics statements="18" coveredstatements="2" conditionals="0" coveredconditionals="0" methods="14" coveredmethods="0"/>
      <file name="EventDetail.js" path="/home/taekop/swpp/swpp2020-team2/frontend/src/containers/event/Detail/EventDetail.js">
        <metrics statements="18" coveredstatements="2" conditionals="0" coveredconditionals="0" methods="14" coveredmethods="0"/>
        <line num="12" count="0" type="stmt"/>
        <line num="31" count="0" type="stmt"/>
        <line num="32" count="0" type="stmt"/>
        <line num="35" count="0" type="stmt"/>
        <line num="36" count="0" type="stmt"/>
        <line num="39" count="0" type="stmt"/>
        <line num="43" count="0" type="stmt"/>
        <line num="47" count="0" type="stmt"/>
        <line num="51" count="0" type="stmt"/>
        <line num="57" count="0" type="stmt"/>
        <line num="67" count="0" type="stmt"/>
        <line num="76" count="0" type="stmt"/>
        <line num="83" count="0" type="stmt"/>
        <line num="86" count="0" type="stmt"/>
        <line num="89" count="0" type="stmt"/>
        <line num="167" count="1" type="stmt"/>
        <line num="172" count="1" type="stmt"/>
        <line num="173" count="0" type="stmt"/>
      </file>
    </package>
    <package name="src.containers.event.Modify">
      <metrics statements="3" coveredstatements="2" conditionals="0" coveredconditionals="0" methods="3" coveredmethods="0"/>
      <file name="EventModify.js" path="/home/taekop/swpp/swpp2020-team2/frontend/src/containers/event/Modify/EventModify.js">
        <metrics statements="3" coveredstatements="2" conditionals="0" coveredconditionals="0" methods="3" coveredmethods="0"/>
        <line num="9" count="0" type="stmt"/>
        <line num="17" count="1" type="stmt"/>
        <line num="21" count="1" type="stmt"/>
      </file>
    </package>
    <package name="src.containers.main">
      <metrics statements="16" coveredstatements="16" conditionals="8" coveredconditionals="8" methods="10" coveredmethods="10"/>
      <file name="Main.js" path="/home/taekop/swpp/swpp2020-team2/frontend/src/containers/main/Main.js">
        <metrics statements="16" coveredstatements="16" conditionals="8" coveredconditionals="8" methods="10" coveredmethods="10"/>
        <line num="9" count="5" type="stmt"/>
        <line num="15" count="7" type="cond" truecount="2" falsecount="0"/>
        <line num="16" count="2" type="cond" truecount="2" falsecount="0"/>
        <line num="20" count="5" type="stmt"/>
        <line num="21" count="3" type="cond" truecount="4" falsecount="0"/>
        <line num="22" count="2" type="stmt"/>
        <line num="23" count="2" type="stmt"/>
        <line num="25" count="1" type="stmt"/>
        <line num="29" count="10" type="stmt"/>
        <line num="49" count="3" type="stmt"/>
        <line num="58" count="2" type="stmt"/>
        <line num="64" count="3" type="stmt"/>
        <line num="67" count="1" type="stmt"/>
        <line num="81" count="5" type="stmt"/>
        <line num="85" count="5" type="stmt"/>
        <line num="86" count="1" type="stmt"/>
      </file>
    </package>
    <package name="src.containers.public">
      <metrics statements="41" coveredstatements="41" conditionals="8" coveredconditionals="8" methods="21" coveredmethods="20"/>
      <file name="Public.js" path="/home/taekop/swpp/swpp2020-team2/frontend/src/containers/public/Public.js">
        <metrics statements="41" coveredstatements="41" conditionals="8" coveredconditionals="8" methods="21" coveredmethods="20"/>
        <line num="17" count="2" type="stmt"/>
        <line num="18" count="2" type="stmt"/>
        <line num="30" count="2" type="stmt"/>
        <line num="31" count="2" type="stmt"/>
        <line num="32" count="2" type="stmt"/>
        <line num="33" count="2" type="stmt"/>
        <line num="34" count="2" type="stmt"/>
        <line num="35" count="2" type="stmt"/>
        <line num="36" count="2" type="stmt"/>
        <line num="37" count="2" type="stmt"/>
        <line num="38" count="2" type="stmt"/>
        <line num="39" count="2" type="stmt"/>
        <line num="43" count="2" type="stmt"/>
        <line num="44" count="2" type="stmt"/>
        <line num="48" count="1" type="stmt"/>
        <line num="53" count="1" type="stmt"/>
        <line num="61" count="1" type="stmt"/>
        <line num="67" count="2" type="stmt"/>
        <line num="73" count="1" type="stmt"/>
        <line num="79" count="1" type="stmt"/>
        <line num="85" count="2" type="stmt"/>
        <line num="86" count="2" type="stmt"/>
        <line num="87" count="2" type="cond" truecount="2" falsecount="0"/>
        <line num="88" count="1" type="stmt"/>
        <line num="89" count="2" type="stmt"/>
        <line num="96" count="4" type="stmt"/>
        <line num="97" count="4" type="cond" truecount="2" falsecount="0"/>
        <line num="98" count="3" type="stmt"/>
        <line num="103" count="2" type="stmt"/>
        <line num="104" count="2" type="cond" truecount="2" falsecount="0"/>
        <line num="105" count="1" type="stmt"/>
        <line num="110" count="1" type="stmt"/>
        <line num="116" count="17" type="stmt"/>
        <line num="118" count="17" type="stmt"/>
        <line num="119" count="17" type="cond" truecount="2" falsecount="0"/>
        <line num="120" count="1" type="stmt"/>
        <line num="131" count="17" type="stmt"/>
        <line num="140" count="1" type="stmt"/>
        <line num="158" count="6" type="stmt"/>
        <line num="162" count="2" type="stmt"/>
        <line num="163" count="2" type="stmt"/>
      </file>
    </package>
    <package name="src.containers.signup">
      <metrics statements="52" coveredstatements="51" conditionals="43" coveredconditionals="43" methods="22" coveredmethods="21"/>
      <file name="Activate.js" path="/home/taekop/swpp/swpp2020-team2/frontend/src/containers/signup/Activate.js">
        <metrics statements="6" coveredstatements="6" conditionals="0" coveredconditionals="0" methods="6" coveredmethods="6"/>
        <line num="9" count="2" type="stmt"/>
        <line num="16" count="2" type="stmt"/>
        <line num="27" count="1" type="stmt"/>
        <line num="33" count="2" type="stmt"/>
        <line num="37" count="2" type="stmt"/>
        <line num="38" count="2" type="stmt"/>
      </file>
      <file name="Signup.js" path="/home/taekop/swpp/swpp2020-team2/frontend/src/containers/signup/Signup.js">
        <metrics statements="46" coveredstatements="45" conditionals="43" coveredconditionals="43" methods="16" coveredmethods="15"/>
        <line num="9" count="4" type="stmt"/>
        <line num="21" count="15" type="cond" truecount="2" falsecount="0"/>
        <line num="22" count="2" type="cond" truecount="2" falsecount="0"/>
        <line num="26" count="4" type="stmt"/>
        <line num="27" count="7" type="cond" truecount="10" falsecount="0"/>
        <line num="28" count="1" type="stmt"/>
        <line num="29" count="1" type="stmt"/>
        <line num="31" count="6" type="stmt"/>
        <line num="32" count="6" type="stmt"/>
        <line num="33" count="79" type="stmt"/>
        <line num="34" count="79" type="cond" truecount="9" falsecount="0"/>
        <line num="36" count="6" type="cond" truecount="2" falsecount="0"/>
        <line num="37" count="1" type="stmt"/>
        <line num="38" count="1" type="stmt"/>
        <line num="40" count="5" type="cond" truecount="2" falsecount="0"/>
        <line num="41" count="1" type="stmt"/>
        <line num="42" count="1" type="stmt"/>
        <line num="50" count="4" type="stmt"/>
        <line num="51" count="4" type="stmt"/>
        <line num="52" count="36" type="stmt"/>
        <line num="53" count="36" type="cond" truecount="6" falsecount="0"/>
        <line num="55" count="4" type="cond" truecount="2" falsecount="0"/>
        <line num="56" count="2" type="stmt"/>
        <line num="57" count="2" type="stmt"/>
        <line num="59" count="2" type="stmt"/>
        <line num="60" count="2" type="stmt"/>
        <line num="61" count="17" type="stmt"/>
        <line num="62" count="17" type="cond" truecount="6" falsecount="0"/>
        <line num="64" count="2" type="cond" truecount="2" falsecount="0"/>
        <line num="65" count="1" type="stmt"/>
        <line num="66" count="1" type="stmt"/>
        <line num="68" count="1" type="stmt"/>
        <line num="80" count="17" type="stmt"/>
        <line num="84" count="0" type="stmt"/>
        <line num="104" count="2" type="stmt"/>
        <line num="115" count="1" type="stmt"/>
        <line num="126" count="2" type="stmt"/>
        <line num="133" count="1" type="stmt"/>
        <line num="142" count="1" type="stmt"/>
        <line num="156" count="2" type="stmt"/>
        <line num="167" count="2" type="stmt"/>
        <line num="178" count="2" type="stmt"/>
        <line num="182" count="7" type="stmt"/>
        <line num="193" count="4" type="stmt"/>
        <line num="197" count="4" type="stmt"/>
        <line num="198" count="1" type="stmt"/>
      </file>
    </package>
    <package name="src.images">
      <metrics statements="12" coveredstatements="12" conditionals="0" coveredconditionals="0" methods="0" coveredmethods="0"/>
      <file name="index.js" path="/home/taekop/swpp/swpp2020-team2/frontend/src/images/index.js">
        <metrics statements="12" coveredstatements="12" conditionals="0" coveredconditionals="0" methods="0" coveredmethods="0"/>
        <line num="1" count="6" type="stmt"/>
        <line num="2" count="6" type="stmt"/>
        <line num="3" count="6" type="stmt"/>
        <line num="4" count="6" type="stmt"/>
        <line num="5" count="6" type="stmt"/>
        <line num="6" count="6" type="stmt"/>
        <line num="7" count="6" type="stmt"/>
        <line num="8" count="6" type="stmt"/>
        <line num="10" count="6" type="stmt"/>
        <line num="21" count="6" type="stmt"/>
        <line num="23" count="6" type="stmt"/>
        <line num="25" count="6" type="stmt"/>
      </file>
    </package>
    <package name="src.store">
      <metrics statements="5" coveredstatements="5" conditionals="2" coveredconditionals="2" methods="0" coveredmethods="0"/>
      <file name="store.js" path="/home/taekop/swpp/swpp2020-team2/frontend/src/store/store.js">
        <metrics statements="5" coveredstatements="5" conditionals="2" coveredconditionals="2" methods="0" coveredmethods="0"/>
        <line num="11" count="6" type="stmt"/>
        <line num="12" count="6" type="stmt"/>
        <line num="17" count="6" type="stmt"/>
        <line num="19" count="6" type="cond" truecount="2" falsecount="0"/>
        <line num="20" count="6" type="stmt"/>
      </file>
    </package>
    <package name="src.store.actions">
      <metrics statements="36" coveredstatements="29" conditionals="2" coveredconditionals="0" methods="23" coveredmethods="13"/>
      <file name="actionTypes.js" path="/home/taekop/swpp/swpp2020-team2/frontend/src/store/actions/actionTypes.js">
        <metrics statements="5" coveredstatements="5" conditionals="0" coveredconditionals="0" methods="0" coveredmethods="0"/>
        <line num="2" count="7" type="stmt"/>
        <line num="3" count="7" type="stmt"/>
        <line num="4" count="7" type="stmt"/>
        <line num="7" count="7" type="stmt"/>
        <line num="8" count="7" type="stmt"/>
      </file>
      <file name="actions.js" path="/home/taekop/swpp/swpp2020-team2/frontend/src/store/actions/actions.js">
        <metrics statements="21" coveredstatements="20" conditionals="2" coveredconditionals="0" methods="15" coveredmethods="13"/>
        <line num="6" count="6" type="stmt"/>
        <line num="7" count="6" type="stmt"/>
        <line num="9" count="6" type="stmt"/>
        <line num="10" count="6" type="stmt"/>
        <line num="11" count="6" type="stmt"/>
        <line num="12" count="6" type="stmt"/>
        <line num="159" count="6" type="stmt"/>
        <line num="164" count="6" type="stmt"/>
        <line num="165" count="2" type="stmt"/>
        <line num="166" count="2" type="stmt"/>
        <line num="172" count="6" type="stmt"/>
        <line num="174" count="6" type="stmt"/>
        <line num="179" count="1" type="stmt"/>
        <line num="182" count="0" type="cond" truecount="0" falsecount="2"/>
        <line num="185" count="6" type="stmt"/>
        <line num="187" count="6" type="stmt"/>
        <line num="197" count="1" type="stmt"/>
        <line num="198" count="1" type="stmt"/>
        <line num="201" count="6" type="stmt"/>
        <line num="203" count="6" type="stmt"/>
        <line num="205" count="1" type="stmt"/>
      </file>
      <file name="events.js" path="/home/taekop/swpp/swpp2020-team2/frontend/src/store/actions/events.js">
        <metrics statements="5" coveredstatements="4" conditionals="0" coveredconditionals="0" methods="4" coveredmethods="0"/>
        <line num="4" count="5" type="stmt"/>
        <line num="5" count="5" type="stmt"/>
        <line num="7" count="5" type="stmt"/>
        <line num="12" count="5" type="stmt"/>
        <line num="13" count="0" type="stmt"/>
      </file>
      <file name="index.js" path="/home/taekop/swpp/swpp2020-team2/frontend/src/store/actions/index.js">
        <metrics statements="0" coveredstatements="0" conditionals="0" coveredconditionals="0" methods="0" coveredmethods="0"/>
      </file>
      <file name="others.js" path="/home/taekop/swpp/swpp2020-team2/frontend/src/store/actions/others.js">
        <metrics statements="5" coveredstatements="0" conditionals="0" coveredconditionals="0" methods="4" coveredmethods="0"/>
        <line num="4" count="0" type="stmt"/>
        <line num="5" count="0" type="stmt"/>
        <line num="7" count="0" type="stmt"/>
        <line num="9" count="0" type="stmt"/>
        <line num="11" count="0" type="stmt"/>
      </file>
    </package>
    <package name="src.store.reducers">
      <metrics statements="20" coveredstatements="14" conditionals="11" coveredconditionals="8" methods="3" coveredmethods="2"/>
      <file name="eventReducer.js" path="/home/taekop/swpp/swpp2020-team2/frontend/src/store/reducers/eventReducer.js">
        <metrics statements="6" coveredstatements="6" conditionals="3" coveredconditionals="3" methods="1" coveredmethods="1"/>
        <line num="3" count="7" type="stmt"/>
        <line num="7" count="7" type="cond" truecount="1" falsecount="0"/>
        <line num="8" count="22" type="cond" truecount="2" falsecount="0"/>
        <line num="10" count="1" type="stmt"/>
        <line num="12" count="21" type="stmt"/>
        <line num="14" count="21" type="stmt"/>
      </file>
      <file name="eventsReducer.js" path="/home/taekop/swpp/swpp2020-team2/frontend/src/store/reducers/eventsReducer.js">
        <metrics statements="0" coveredstatements="0" conditionals="0" coveredconditionals="0" methods="0" coveredmethods="0"/>
      </file>
      <file name="otherReducer.js" path="/home/taekop/swpp/swpp2020-team2/frontend/src/store/reducers/otherReducer.js">
        <metrics statements="6" coveredstatements="0" conditionals="3" coveredconditionals="0" methods="1" coveredmethods="0"/>
        <line num="3" count="0" type="stmt"/>
        <line num="8" count="0" type="cond" truecount="0" falsecount="1"/>
        <line num="9" count="0" type="cond" truecount="0" falsecount="2"/>
        <line num="11" count="0" type="stmt"/>
        <line num="13" count="0" type="stmt"/>
        <line num="15" count="0" type="stmt"/>
      </file>
      <file name="userReducer.js" path="/home/taekop/swpp/swpp2020-team2/frontend/src/store/reducers/userReducer.js">
        <metrics statements="8" coveredstatements="8" conditionals="5" coveredconditionals="5" methods="1" coveredmethods="1"/>
        <line num="3" count="6" type="stmt"/>
        <line num="7" count="6" type="cond" truecount="1" falsecount="0"/>
        <line num="8" count="21" type="cond" truecount="4" falsecount="0"/>
        <line num="10" count="1" type="stmt"/>
        <line num="12" count="1" type="stmt"/>
        <line num="14" count="1" type="stmt"/>
        <line num="16" count="18" type="stmt"/>
        <line num="18" count="18" type="stmt"/>
      </file>
    </package>
    <package name="src.test-utils">
      <metrics statements="11" coveredstatements="11" conditionals="4" coveredconditionals="4" methods="3" coveredmethods="3"/>
      <file name="mocks.js" path="/home/taekop/swpp/swpp2020-team2/frontend/src/test-utils/mocks.js">
        <metrics statements="11" coveredstatements="11" conditionals="4" coveredconditionals="4" methods="3" coveredmethods="3"/>
        <line num="8" count="4" type="stmt"/>
        <line num="9" count="12" type="cond" truecount="1" falsecount="0"/>
        <line num="10" count="40" type="cond" truecount="1" falsecount="0"/>
        <line num="12" count="40" type="stmt"/>
        <line num="14" count="40" type="stmt"/>
        <line num="18" count="4" type="stmt"/>
        <line num="19" count="12" type="stmt"/>
        <line num="20" count="12" type="stmt"/>
        <line num="24" count="12" type="cond" truecount="2" falsecount="0"/>
        <line num="25" count="12" type="stmt"/>
        <line num="27" count="12" type="stmt"/>
      </file>
    </package>
  </project>
</coverage>
