{"/mnt/c/1래건/학교/소개원실/swpp2020-team2/frontend/src/components/groupBox/GroupBox.js": {"path":"/mnt/c/1래건/학교/소개원실/swpp2020-team2/frontend/src/components/groupBox/GroupBox.js","statementMap":{"0":{"start":{"line":5,"column":15},"end":{"line":9,"column":1}},"1":{"start":{"line":6,"column":2},"end":{"line":8,"column":8}}},"fnMap":{"0":{"name":"(anonymous_0)","decl":{"start":{"line":5,"column":15},"end":{"line":5,"column":16}},"loc":{"start":{"line":5,"column":24},"end":{"line":9,"column":1}},"line":5}},"branchMap":{},"s":{"0":0,"1":0},"f":{"0":0},"b":{},"hash":"38c760877b68b78a26b5a53a9f3366b2e3689f85"}
,"/mnt/c/1래건/학교/소개원실/swpp2020-team2/frontend/src/containers/group/main/GroupMain.js": {"path":"/mnt/c/1래건/학교/소개원실/swpp2020-team2/frontend/src/containers/group/main/GroupMain.js","statementMap":{"0":{"start":{"line":9,"column":8},"end":{"line":14,"column":3}},"1":{"start":{"line":17,"column":4},"end":{"line":17,"column":29}},"2":{"start":{"line":21,"column":4},"end":{"line":24,"column":5}},"3":{"start":{"line":22,"column":6},"end":{"line":23,"column":174}},"4":{"start":{"line":22,"column":34},"end":{"line":22,"column":70}},"5":{"start":{"line":23,"column":11},"end":{"line":23,"column":174}},"6":{"start":{"line":27,"column":18},"end":{"line":30,"column":3}},"7":{"start":{"line":28,"column":4},"end":{"line":29,"column":74}},"8":{"start":{"line":28,"column":33},"end":{"line":28,"column":74}},"9":{"start":{"line":29,"column":9},"end":{"line":29,"column":74}},"10":{"start":{"line":33,"column":20},"end":{"line":33,"column":24}},"11":{"start":{"line":34,"column":21},"end":{"line":34,"column":25}},"12":{"start":{"line":35,"column":19},"end":{"line":35,"column":23}},"13":{"start":{"line":41,"column":4},"end":{"line":66,"column":6}},"14":{"start":{"line":49,"column":59},"end":{"line":49,"column":99}},"15":{"start":{"line":55,"column":31},"end":{"line":55,"column":79}},"16":{"start":{"line":57,"column":48},"end":{"line":57,"column":70}},"17":{"start":{"line":70,"column":24},"end":{"line":73,"column":2}},"18":{"start":{"line":70,"column":36},"end":{"line":73,"column":1}},"19":{"start":{"line":75,"column":27},"end":{"line":77,"column":2}},"20":{"start":{"line":75,"column":42},"end":{"line":77,"column":1}},"21":{"start":{"line":76,"column":19},"end":{"line":76,"column":57}}},"fnMap":{"0":{"name":"(anonymous_0)","decl":{"start":{"line":16,"column":2},"end":{"line":16,"column":3}},"loc":{"start":{"line":16,"column":21},"end":{"line":18,"column":3}},"line":16},"1":{"name":"(anonymous_1)","decl":{"start":{"line":20,"column":2},"end":{"line":20,"column":3}},"loc":{"start":{"line":20,"column":41},"end":{"line":25,"column":3}},"line":20},"2":{"name":"(anonymous_2)","decl":{"start":{"line":27,"column":18},"end":{"line":27,"column":19}},"loc":{"start":{"line":27,"column":22},"end":{"line":30,"column":3}},"line":27},"3":{"name":"(anonymous_3)","decl":{"start":{"line":32,"column":2},"end":{"line":32,"column":3}},"loc":{"start":{"line":32,"column":10},"end":{"line":67,"column":3}},"line":32},"4":{"name":"(anonymous_4)","decl":{"start":{"line":49,"column":55},"end":{"line":49,"column":56}},"loc":{"start":{"line":49,"column":59},"end":{"line":49,"column":99}},"line":49},"5":{"name":"(anonymous_5)","decl":{"start":{"line":55,"column":20},"end":{"line":55,"column":21}},"loc":{"start":{"line":55,"column":31},"end":{"line":55,"column":79}},"line":55},"6":{"name":"(anonymous_6)","decl":{"start":{"line":57,"column":44},"end":{"line":57,"column":45}},"loc":{"start":{"line":57,"column":48},"end":{"line":57,"column":70}},"line":57},"7":{"name":"(anonymous_7)","decl":{"start":{"line":70,"column":24},"end":{"line":70,"column":25}},"loc":{"start":{"line":70,"column":36},"end":{"line":73,"column":1}},"line":70},"8":{"name":"(anonymous_8)","decl":{"start":{"line":75,"column":27},"end":{"line":75,"column":28}},"loc":{"start":{"line":75,"column":42},"end":{"line":77,"column":1}},"line":75},"9":{"name":"(anonymous_9)","decl":{"start":{"line":76,"column":15},"end":{"line":76,"column":16}},"loc":{"start":{"line":76,"column":19},"end":{"line":76,"column":57}},"line":76}},"branchMap":{"0":{"loc":{"start":{"line":21,"column":4},"end":{"line":24,"column":5}},"type":"if","locations":[{"start":{"line":21,"column":4},"end":{"line":24,"column":5}},{"start":{"line":21,"column":4},"end":{"line":24,"column":5}}],"line":21},"1":{"loc":{"start":{"line":22,"column":6},"end":{"line":23,"column":174}},"type":"if","locations":[{"start":{"line":22,"column":6},"end":{"line":23,"column":174}},{"start":{"line":22,"column":6},"end":{"line":23,"column":174}}],"line":22},"2":{"loc":{"start":{"line":28,"column":4},"end":{"line":29,"column":74}},"type":"if","locations":[{"start":{"line":28,"column":4},"end":{"line":29,"column":74}},{"start":{"line":28,"column":4},"end":{"line":29,"column":74}}],"line":28}},"s":{"0":0,"1":0,"2":0,"3":0,"4":0,"5":0,"6":0,"7":0,"8":0,"9":0,"10":0,"11":0,"12":0,"13":0,"14":0,"15":0,"16":0,"17":1,"18":0,"19":1,"20":0,"21":0},"f":{"0":0,"1":0,"2":0,"3":0,"4":0,"5":0,"6":0,"7":0,"8":0,"9":0},"b":{"0":[0,0],"1":[0,0],"2":[0,0]},"_coverageSchema":"43e27e138ebf9cfc5966b082cf9a028302ed4184","hash":"4ddf3989cfacd1a903673f14be023b8911e71b1c"}
,"/mnt/c/1래건/학교/소개원실/swpp2020-team2/frontend/src/containers/group/search/GroupSearch.js": {"path":"/mnt/c/1래건/학교/소개원실/swpp2020-team2/frontend/src/containers/group/search/GroupSearch.js","statementMap":{"0":{"start":{"line":9,"column":8},"end":{"line":11,"column":3}},"1":{"start":{"line":14,"column":4},"end":{"line":14,"column":69}},"2":{"start":{"line":15,"column":4},"end":{"line":15,"column":29}},"3":{"start":{"line":19,"column":4},"end":{"line":21,"column":5}},"4":{"start":{"line":20,"column":6},"end":{"line":20,"column":70}},"5":{"start":{"line":20,"column":34},"end":{"line":20,"column":70}},"6":{"start":{"line":24,"column":18},"end":{"line":27,"column":3}},"7":{"start":{"line":25,"column":4},"end":{"line":26,"column":76}},"8":{"start":{"line":25,"column":35},"end":{"line":25,"column":76}},"9":{"start":{"line":26,"column":9},"end":{"line":26,"column":76}},"10":{"start":{"line":30,"column":21},"end":{"line":30,"column":25}},"11":{"start":{"line":34,"column":4},"end":{"line":53,"column":6}},"12":{"start":{"line":46,"column":31},"end":{"line":46,"column":79}},"13":{"start":{"line":48,"column":48},"end":{"line":48,"column":70}},"14":{"start":{"line":57,"column":24},"end":{"line":60,"column":2}},"15":{"start":{"line":57,"column":36},"end":{"line":60,"column":1}},"16":{"start":{"line":62,"column":27},"end":{"line":64,"column":2}},"17":{"start":{"line":62,"column":42},"end":{"line":64,"column":1}},"18":{"start":{"line":63,"column":19},"end":{"line":63,"column":57}}},"fnMap":{"0":{"name":"(anonymous_0)","decl":{"start":{"line":13,"column":2},"end":{"line":13,"column":3}},"loc":{"start":{"line":13,"column":21},"end":{"line":16,"column":3}},"line":13},"1":{"name":"(anonymous_1)","decl":{"start":{"line":18,"column":2},"end":{"line":18,"column":3}},"loc":{"start":{"line":18,"column":41},"end":{"line":22,"column":3}},"line":18},"2":{"name":"(anonymous_2)","decl":{"start":{"line":24,"column":18},"end":{"line":24,"column":19}},"loc":{"start":{"line":24,"column":22},"end":{"line":27,"column":3}},"line":24},"3":{"name":"(anonymous_3)","decl":{"start":{"line":29,"column":2},"end":{"line":29,"column":3}},"loc":{"start":{"line":29,"column":10},"end":{"line":54,"column":3}},"line":29},"4":{"name":"(anonymous_4)","decl":{"start":{"line":46,"column":20},"end":{"line":46,"column":21}},"loc":{"start":{"line":46,"column":31},"end":{"line":46,"column":79}},"line":46},"5":{"name":"(anonymous_5)","decl":{"start":{"line":48,"column":44},"end":{"line":48,"column":45}},"loc":{"start":{"line":48,"column":48},"end":{"line":48,"column":70}},"line":48},"6":{"name":"(anonymous_6)","decl":{"start":{"line":57,"column":24},"end":{"line":57,"column":25}},"loc":{"start":{"line":57,"column":36},"end":{"line":60,"column":1}},"line":57},"7":{"name":"(anonymous_7)","decl":{"start":{"line":62,"column":27},"end":{"line":62,"column":28}},"loc":{"start":{"line":62,"column":42},"end":{"line":64,"column":1}},"line":62},"8":{"name":"(anonymous_8)","decl":{"start":{"line":63,"column":15},"end":{"line":63,"column":16}},"loc":{"start":{"line":63,"column":19},"end":{"line":63,"column":57}},"line":63}},"branchMap":{"0":{"loc":{"start":{"line":19,"column":4},"end":{"line":21,"column":5}},"type":"if","locations":[{"start":{"line":19,"column":4},"end":{"line":21,"column":5}},{"start":{"line":19,"column":4},"end":{"line":21,"column":5}}],"line":19},"1":{"loc":{"start":{"line":20,"column":6},"end":{"line":20,"column":70}},"type":"if","locations":[{"start":{"line":20,"column":6},"end":{"line":20,"column":70}},{"start":{"line":20,"column":6},"end":{"line":20,"column":70}}],"line":20},"2":{"loc":{"start":{"line":25,"column":4},"end":{"line":26,"column":76}},"type":"if","locations":[{"start":{"line":25,"column":4},"end":{"line":26,"column":76}},{"start":{"line":25,"column":4},"end":{"line":26,"column":76}}],"line":25}},"s":{"0":0,"1":0,"2":0,"3":0,"4":0,"5":0,"6":0,"7":0,"8":0,"9":0,"10":0,"11":0,"12":0,"13":0,"14":1,"15":0,"16":1,"17":0,"18":0},"f":{"0":0,"1":0,"2":0,"3":0,"4":0,"5":0,"6":0,"7":0,"8":0},"b":{"0":[0,0],"1":[0,0],"2":[0,0]},"_coverageSchema":"43e27e138ebf9cfc5966b082cf9a028302ed4184","hash":"f2d913943f4c0b0d2736e95ce38d9c56d03cb483"}
,"/mnt/c/1래건/학교/소개원실/swpp2020-team2/frontend/src/containers/group/search/GroupSearchAll.js": {"path":"/mnt/c/1래건/학교/소개원실/swpp2020-team2/frontend/src/containers/group/search/GroupSearchAll.js","statementMap":{"0":{"start":{"line":9,"column":8},"end":{"line":11,"column":3}},"1":{"start":{"line":14,"column":4},"end":{"line":14,"column":29}},"2":{"start":{"line":18,"column":4},"end":{"line":20,"column":5}},"3":{"start":{"line":19,"column":6},"end":{"line":19,"column":70}},"4":{"start":{"line":19,"column":34},"end":{"line":19,"column":70}},"5":{"start":{"line":23,"column":18},"end":{"line":26,"column":3}},"6":{"start":{"line":24,"column":4},"end":{"line":25,"column":76}},"7":{"start":{"line":24,"column":35},"end":{"line":24,"column":76}},"8":{"start":{"line":25,"column":9},"end":{"line":25,"column":76}},"9":{"start":{"line":29,"column":21},"end":{"line":29,"column":25}},"10":{"start":{"line":34,"column":4},"end":{"line":53,"column":6}},"11":{"start":{"line":46,"column":31},"end":{"line":46,"column":79}},"12":{"start":{"line":48,"column":48},"end":{"line":48,"column":70}},"13":{"start":{"line":57,"column":24},"end":{"line":60,"column":2}},"14":{"start":{"line":57,"column":36},"end":{"line":60,"column":1}},"15":{"start":{"line":62,"column":27},"end":{"line":64,"column":2}},"16":{"start":{"line":62,"column":42},"end":{"line":64,"column":1}},"17":{"start":{"line":63,"column":19},"end":{"line":63,"column":57}}},"fnMap":{"0":{"name":"(anonymous_0)","decl":{"start":{"line":13,"column":2},"end":{"line":13,"column":3}},"loc":{"start":{"line":13,"column":21},"end":{"line":15,"column":3}},"line":13},"1":{"name":"(anonymous_1)","decl":{"start":{"line":17,"column":2},"end":{"line":17,"column":3}},"loc":{"start":{"line":17,"column":41},"end":{"line":21,"column":3}},"line":17},"2":{"name":"(anonymous_2)","decl":{"start":{"line":23,"column":18},"end":{"line":23,"column":19}},"loc":{"start":{"line":23,"column":22},"end":{"line":26,"column":3}},"line":23},"3":{"name":"(anonymous_3)","decl":{"start":{"line":28,"column":2},"end":{"line":28,"column":3}},"loc":{"start":{"line":28,"column":10},"end":{"line":54,"column":3}},"line":28},"4":{"name":"(anonymous_4)","decl":{"start":{"line":46,"column":20},"end":{"line":46,"column":21}},"loc":{"start":{"line":46,"column":31},"end":{"line":46,"column":79}},"line":46},"5":{"name":"(anonymous_5)","decl":{"start":{"line":48,"column":44},"end":{"line":48,"column":45}},"loc":{"start":{"line":48,"column":48},"end":{"line":48,"column":70}},"line":48},"6":{"name":"(anonymous_6)","decl":{"start":{"line":57,"column":24},"end":{"line":57,"column":25}},"loc":{"start":{"line":57,"column":36},"end":{"line":60,"column":1}},"line":57},"7":{"name":"(anonymous_7)","decl":{"start":{"line":62,"column":27},"end":{"line":62,"column":28}},"loc":{"start":{"line":62,"column":42},"end":{"line":64,"column":1}},"line":62},"8":{"name":"(anonymous_8)","decl":{"start":{"line":63,"column":15},"end":{"line":63,"column":16}},"loc":{"start":{"line":63,"column":19},"end":{"line":63,"column":57}},"line":63}},"branchMap":{"0":{"loc":{"start":{"line":18,"column":4},"end":{"line":20,"column":5}},"type":"if","locations":[{"start":{"line":18,"column":4},"end":{"line":20,"column":5}},{"start":{"line":18,"column":4},"end":{"line":20,"column":5}}],"line":18},"1":{"loc":{"start":{"line":19,"column":6},"end":{"line":19,"column":70}},"type":"if","locations":[{"start":{"line":19,"column":6},"end":{"line":19,"column":70}},{"start":{"line":19,"column":6},"end":{"line":19,"column":70}}],"line":19},"2":{"loc":{"start":{"line":24,"column":4},"end":{"line":25,"column":76}},"type":"if","locations":[{"start":{"line":24,"column":4},"end":{"line":25,"column":76}},{"start":{"line":24,"column":4},"end":{"line":25,"column":76}}],"line":24}},"s":{"0":0,"1":0,"2":0,"3":0,"4":0,"5":0,"6":0,"7":0,"8":0,"9":0,"10":0,"11":0,"12":0,"13":1,"14":0,"15":1,"16":0,"17":0},"f":{"0":0,"1":0,"2":0,"3":0,"4":0,"5":0,"6":0,"7":0,"8":0},"b":{"0":[0,0],"1":[0,0],"2":[0,0]},"_coverageSchema":"43e27e138ebf9cfc5966b082cf9a028302ed4184","hash":"d9e0f01d0b5675207163e7cc0a053620faeb1d93"}
}
