{"/Users/dongmin/lecture/sogae/swpp2020-team2/frontend/src/App.js": {"path":"/Users/dongmin/lecture/sogae/swpp2020-team2/frontend/src/App.js","statementMap":{"0":{"start":{"line":15,"column":2},"end":{"line":31,"column":4}},"1":{"start":{"line":27,"column":31},"end":{"line":27,"column":49}}},"fnMap":{"0":{"name":"App","decl":{"start":{"line":14,"column":9},"end":{"line":14,"column":12}},"loc":{"start":{"line":14,"column":26},"end":{"line":32,"column":1}},"line":14},"1":{"name":"(anonymous_1)","decl":{"start":{"line":27,"column":25},"end":{"line":27,"column":26}},"loc":{"start":{"line":27,"column":31},"end":{"line":27,"column":49}},"line":27}},"branchMap":{},"s":{"0":2,"1":2},"f":{"0":2,"1":2},"b":{},"_coverageSchema":"43e27e138ebf9cfc5966b082cf9a028302ed4184","hash":"d8cd2f844a45df17270858cad95be4f6cdf5e44d"}
,"/Users/dongmin/lecture/sogae/swpp2020-team2/frontend/src/components/Calendar/Calendar.js": {"path":"/Users/dongmin/lecture/sogae/swpp2020-team2/frontend/src/components/Calendar/Calendar.js","statementMap":{"0":{"start":{"line":15,"column":17},"end":{"line":114,"column":1}},"1":{"start":{"line":18,"column":40},"end":{"line":18,"column":60}},"2":{"start":{"line":19,"column":42},"end":{"line":19,"column":56}},"3":{"start":{"line":20,"column":20},"end":{"line":23,"column":3}},"4":{"start":{"line":21,"column":4},"end":{"line":21,"column":46}},"5":{"start":{"line":22,"column":4},"end":{"line":22,"column":74}},"6":{"start":{"line":22,"column":30},"end":{"line":22,"column":74}},"7":{"start":{"line":24,"column":20},"end":{"line":27,"column":3}},"8":{"start":{"line":25,"column":4},"end":{"line":25,"column":46}},"9":{"start":{"line":26,"column":4},"end":{"line":26,"column":74}},"10":{"start":{"line":26,"column":30},"end":{"line":26,"column":74}},"11":{"start":{"line":28,"column":17},"end":{"line":43,"column":3}},"12":{"start":{"line":29,"column":23},"end":{"line":29,"column":34}},"13":{"start":{"line":30,"column":4},"end":{"line":42,"column":6}},"14":{"start":{"line":32,"column":46},"end":{"line":32,"column":57}},"15":{"start":{"line":32,"column":77},"end":{"line":32,"column":88}},"16":{"start":{"line":38,"column":46},"end":{"line":38,"column":57}},"17":{"start":{"line":38,"column":77},"end":{"line":38,"column":88}},"18":{"start":{"line":44,"column":19},"end":{"line":51,"column":3}},"19":{"start":{"line":45,"column":21},"end":{"line":45,"column":70}},"20":{"start":{"line":46,"column":21},"end":{"line":46,"column":23}},"21":{"start":{"line":47,"column":4},"end":{"line":49,"column":5}},"22":{"start":{"line":47,"column":17},"end":{"line":47,"column":18}},"23":{"start":{"line":48,"column":6},"end":{"line":48,"column":138}},"24":{"start":{"line":50,"column":4},"end":{"line":50,"column":60}},"25":{"start":{"line":52,"column":16},"end":{"line":104,"column":3}},"26":{"start":{"line":53,"column":23},"end":{"line":53,"column":48}},"27":{"start":{"line":54,"column":21},"end":{"line":54,"column":43}},"28":{"start":{"line":55,"column":22},"end":{"line":55,"column":45}},"29":{"start":{"line":56,"column":20},"end":{"line":56,"column":39}},"30":{"start":{"line":57,"column":23},"end":{"line":57,"column":26}},"31":{"start":{"line":58,"column":17},"end":{"line":58,"column":19}},"32":{"start":{"line":59,"column":25},"end":{"line":59,"column":65}},"33":{"start":{"line":60,"column":18},"end":{"line":60,"column":20}},"34":{"start":{"line":61,"column":14},"end":{"line":61,"column":23}},"35":{"start":{"line":62,"column":24},"end":{"line":62,"column":26}},"36":{"start":{"line":63,"column":33},"end":{"line":66,"column":5}},"37":{"start":{"line":64,"column":6},"end":{"line":64,"column":73}},"38":{"start":{"line":64,"column":43},"end":{"line":64,"column":73}},"39":{"start":{"line":65,"column":6},"end":{"line":65,"column":33}},"40":{"start":{"line":68,"column":4},"end":{"line":68,"column":26}},"41":{"start":{"line":70,"column":4},"end":{"line":102,"column":5}},"42":{"start":{"line":71,"column":6},"end":{"line":95,"column":7}},"43":{"start":{"line":71,"column":19},"end":{"line":71,"column":20}},"44":{"start":{"line":72,"column":21},"end":{"line":72,"column":24}},"45":{"start":{"line":73,"column":32},"end":{"line":73,"column":56}},"46":{"start":{"line":74,"column":27},"end":{"line":74,"column":115}},"47":{"start":{"line":74,"column":89},"end":{"line":74,"column":114}},"48":{"start":{"line":75,"column":8},"end":{"line":75,"column":79}},"49":{"start":{"line":75,"column":38},"end":{"line":75,"column":75}},"50":{"start":{"line":76,"column":22},"end":{"line":76,"column":24}},"51":{"start":{"line":77,"column":8},"end":{"line":79,"column":9}},"52":{"start":{"line":77,"column":21},"end":{"line":77,"column":22}},"53":{"start":{"line":78,"column":10},"end":{"line":78,"column":129}},"54":{"start":{"line":78,"column":40},"end":{"line":78,"column":129}},"55":{"start":{"line":80,"column":8},"end":{"line":80,"column":49}},"56":{"start":{"line":81,"column":8},"end":{"line":93,"column":10}},"57":{"start":{"line":85,"column":27},"end":{"line":85,"column":55}},"58":{"start":{"line":86,"column":30},"end":{"line":86,"column":58}},"59":{"start":{"line":94,"column":8},"end":{"line":94,"column":30}},"60":{"start":{"line":96,"column":6},"end":{"line":100,"column":8}},"61":{"start":{"line":101,"column":6},"end":{"line":101,"column":19}},"62":{"start":{"line":103,"column":4},"end":{"line":103,"column":46}},"63":{"start":{"line":106,"column":2},"end":{"line":113,"column":4}}},"fnMap":{"0":{"name":"(anonymous_0)","decl":{"start":{"line":15,"column":17},"end":{"line":15,"column":18}},"loc":{"start":{"line":17,"column":6},"end":{"line":114,"column":1}},"line":17},"1":{"name":"(anonymous_1)","decl":{"start":{"line":20,"column":20},"end":{"line":20,"column":21}},"loc":{"start":{"line":20,"column":26},"end":{"line":23,"column":3}},"line":20},"2":{"name":"(anonymous_2)","decl":{"start":{"line":24,"column":20},"end":{"line":24,"column":21}},"loc":{"start":{"line":24,"column":26},"end":{"line":27,"column":3}},"line":24},"3":{"name":"(anonymous_3)","decl":{"start":{"line":28,"column":17},"end":{"line":28,"column":18}},"loc":{"start":{"line":28,"column":23},"end":{"line":43,"column":3}},"line":28},"4":{"name":"(anonymous_4)","decl":{"start":{"line":32,"column":40},"end":{"line":32,"column":41}},"loc":{"start":{"line":32,"column":46},"end":{"line":32,"column":57}},"line":32},"5":{"name":"(anonymous_5)","decl":{"start":{"line":32,"column":71},"end":{"line":32,"column":72}},"loc":{"start":{"line":32,"column":77},"end":{"line":32,"column":88}},"line":32},"6":{"name":"(anonymous_6)","decl":{"start":{"line":38,"column":40},"end":{"line":38,"column":41}},"loc":{"start":{"line":38,"column":46},"end":{"line":38,"column":57}},"line":38},"7":{"name":"(anonymous_7)","decl":{"start":{"line":38,"column":71},"end":{"line":38,"column":72}},"loc":{"start":{"line":38,"column":77},"end":{"line":38,"column":88}},"line":38},"8":{"name":"(anonymous_8)","decl":{"start":{"line":44,"column":19},"end":{"line":44,"column":20}},"loc":{"start":{"line":44,"column":25},"end":{"line":51,"column":3}},"line":44},"9":{"name":"(anonymous_9)","decl":{"start":{"line":52,"column":16},"end":{"line":52,"column":17}},"loc":{"start":{"line":52,"column":22},"end":{"line":104,"column":3}},"line":52},"10":{"name":"(anonymous_10)","decl":{"start":{"line":63,"column":33},"end":{"line":63,"column":34}},"loc":{"start":{"line":63,"column":56},"end":{"line":66,"column":5}},"line":63},"11":{"name":"(anonymous_11)","decl":{"start":{"line":74,"column":80},"end":{"line":74,"column":81}},"loc":{"start":{"line":74,"column":89},"end":{"line":74,"column":114}},"line":74},"12":{"name":"(anonymous_12)","decl":{"start":{"line":75,"column":27},"end":{"line":75,"column":28}},"loc":{"start":{"line":75,"column":36},"end":{"line":75,"column":77}},"line":75},"13":{"name":"(anonymous_13)","decl":{"start":{"line":85,"column":21},"end":{"line":85,"column":22}},"loc":{"start":{"line":85,"column":27},"end":{"line":85,"column":55}},"line":85},"14":{"name":"(anonymous_14)","decl":{"start":{"line":86,"column":24},"end":{"line":86,"column":25}},"loc":{"start":{"line":86,"column":30},"end":{"line":86,"column":58}},"line":86}},"branchMap":{"0":{"loc":{"start":{"line":22,"column":4},"end":{"line":22,"column":74}},"type":"if","locations":[{"start":{"line":22,"column":4},"end":{"line":22,"column":74}},{"start":{"line":22,"column":4},"end":{"line":22,"column":74}}],"line":22},"1":{"loc":{"start":{"line":26,"column":4},"end":{"line":26,"column":74}},"type":"if","locations":[{"start":{"line":26,"column":4},"end":{"line":26,"column":74}},{"start":{"line":26,"column":4},"end":{"line":26,"column":74}}],"line":26},"2":{"loc":{"start":{"line":64,"column":6},"end":{"line":64,"column":73}},"type":"if","locations":[{"start":{"line":64,"column":6},"end":{"line":64,"column":73}},{"start":{"line":64,"column":6},"end":{"line":64,"column":73}}],"line":64},"3":{"loc":{"start":{"line":74,"column":27},"end":{"line":74,"column":115}},"type":"cond-expr","locations":[{"start":{"line":74,"column":61},"end":{"line":74,"column":63}},{"start":{"line":74,"column":66},"end":{"line":74,"column":115}}],"line":74},"4":{"loc":{"start":{"line":78,"column":10},"end":{"line":78,"column":129}},"type":"if","locations":[{"start":{"line":78,"column":10},"end":{"line":78,"column":129}},{"start":{"line":78,"column":10},"end":{"line":78,"column":129}}],"line":78}},"s":{"0":3,"1":5,"2":5,"3":5,"4":1,"5":1,"6":0,"7":5,"8":1,"9":1,"10":0,"11":5,"12":5,"13":5,"14":1,"15":0,"16":1,"17":0,"18":5,"19":5,"20":5,"21":5,"22":5,"23":35,"24":5,"25":5,"26":5,"27":5,"28":5,"29":5,"30":5,"31":5,"32":5,"33":5,"34":5,"35":5,"36":5,"37":175,"38":24,"39":151,"40":5,"41":5,"42":25,"43":25,"44":175,"45":175,"46":175,"47":1680,"48":175,"49":6,"50":175,"51":175,"52":175,"53":1400,"54":6,"55":175,"56":175,"57":0,"58":0,"59":175,"60":25,"61":25,"62":5,"63":5},"f":{"0":5,"1":1,"2":1,"3":5,"4":1,"5":0,"6":1,"7":0,"8":5,"9":5,"10":175,"11":1680,"12":6,"13":0,"14":0},"b":{"0":[0,1],"1":[0,1],"2":[24,151],"3":[35,140],"4":[6,1394]},"_coverageSchema":"43e27e138ebf9cfc5966b082cf9a028302ed4184","hash":"1e3db8cbee477caa3b03dfa9fa2d78879da1f346"}
,"/Users/dongmin/lecture/sogae/swpp2020-team2/frontend/src/components/List/List.js": {"path":"/Users/dongmin/lecture/sogae/swpp2020-team2/frontend/src/components/List/List.js","statementMap":{"0":{"start":{"line":4,"column":13},"end":{"line":23,"column":1}},"1":{"start":{"line":5,"column":19},"end":{"line":16,"column":3}},"2":{"start":{"line":8,"column":8},"end":{"line":8,"column":11}},"3":{"start":{"line":9,"column":4},"end":{"line":15,"column":6}},"4":{"start":{"line":18,"column":15},"end":{"line":18,"column":17}},"5":{"start":{"line":19,"column":2},"end":{"line":21,"column":5}},"6":{"start":{"line":20,"column":4},"end":{"line":20,"column":29}},"7":{"start":{"line":22,"column":2},"end":{"line":22,"column":44}}},"fnMap":{"0":{"name":"(anonymous_0)","decl":{"start":{"line":4,"column":13},"end":{"line":4,"column":14}},"loc":{"start":{"line":4,"column":29},"end":{"line":23,"column":1}},"line":4},"1":{"name":"(anonymous_1)","decl":{"start":{"line":5,"column":19},"end":{"line":5,"column":20}},"loc":{"start":{"line":5,"column":28},"end":{"line":16,"column":3}},"line":5},"2":{"name":"(anonymous_2)","decl":{"start":{"line":19,"column":17},"end":{"line":19,"column":18}},"loc":{"start":{"line":19,"column":26},"end":{"line":21,"column":3}},"line":19}},"branchMap":{},"s":{"0":0,"1":0,"2":0,"3":0,"4":0,"5":0,"6":0,"7":0},"f":{"0":0,"1":0,"2":0},"b":{},"hash":"9d0f5621afcf4caefadae4ebbd4a9f586cc54080"}
,"/Users/dongmin/lecture/sogae/swpp2020-team2/frontend/src/components/SideBar/SideBar.js": {"path":"/Users/dongmin/lecture/sogae/swpp2020-team2/frontend/src/components/SideBar/SideBar.js","statementMap":{"0":{"start":{"line":5,"column":16},"end":{"line":90,"column":1}},"1":{"start":{"line":14,"column":21},"end":{"line":22,"column":3}},"2":{"start":{"line":15,"column":4},"end":{"line":21,"column":10}},"3":{"start":{"line":18,"column":57},"end":{"line":18,"column":82}},"4":{"start":{"line":19,"column":57},"end":{"line":19,"column":78}},"5":{"start":{"line":25,"column":4},"end":{"line":25,"column":61}},"6":{"start":{"line":29,"column":4},"end":{"line":29,"column":61}},"7":{"start":{"line":32,"column":23},"end":{"line":32,"column":85}},"8":{"start":{"line":33,"column":23},"end":{"line":72,"column":3}},"9":{"start":{"line":34,"column":28},"end":{"line":34,"column":30}},"10":{"start":{"line":35,"column":4},"end":{"line":41,"column":5}},"11":{"start":{"line":35,"column":17},"end":{"line":35,"column":18}},"12":{"start":{"line":36,"column":6},"end":{"line":40,"column":8}},"13":{"start":{"line":37,"column":129},"end":{"line":37,"column":149}},"14":{"start":{"line":43,"column":4},"end":{"line":71,"column":6}},"15":{"start":{"line":49,"column":74},"end":{"line":49,"column":91}},"16":{"start":{"line":54,"column":68},"end":{"line":54,"column":79}},"17":{"start":{"line":62,"column":94},"end":{"line":62,"column":116}},"18":{"start":{"line":63,"column":94},"end":{"line":63,"column":114}},"19":{"start":{"line":64,"column":94},"end":{"line":64,"column":124}},"20":{"start":{"line":68,"column":94},"end":{"line":68,"column":116}},"21":{"start":{"line":74,"column":22},"end":{"line":82,"column":3}},"22":{"start":{"line":75,"column":4},"end":{"line":81,"column":10}},"23":{"start":{"line":77,"column":60},"end":{"line":77,"column":82}},"24":{"start":{"line":83,"column":2},"end":{"line":89,"column":4}}},"fnMap":{"0":{"name":"(anonymous_0)","decl":{"start":{"line":5,"column":16},"end":{"line":5,"column":17}},"loc":{"start":{"line":13,"column":6},"end":{"line":90,"column":1}},"line":13},"1":{"name":"(anonymous_1)","decl":{"start":{"line":14,"column":21},"end":{"line":14,"column":22}},"loc":{"start":{"line":15,"column":4},"end":{"line":21,"column":10}},"line":15},"2":{"name":"(anonymous_2)","decl":{"start":{"line":18,"column":51},"end":{"line":18,"column":52}},"loc":{"start":{"line":18,"column":57},"end":{"line":18,"column":82}},"line":18},"3":{"name":"(anonymous_3)","decl":{"start":{"line":19,"column":51},"end":{"line":19,"column":52}},"loc":{"start":{"line":19,"column":57},"end":{"line":19,"column":78}},"line":19},"4":{"name":"includingSubmit","decl":{"start":{"line":24,"column":11},"end":{"line":24,"column":26}},"loc":{"start":{"line":24,"column":29},"end":{"line":26,"column":3}},"line":24},"5":{"name":"tagSubmit","decl":{"start":{"line":28,"column":11},"end":{"line":28,"column":20}},"loc":{"start":{"line":28,"column":23},"end":{"line":30,"column":3}},"line":28},"6":{"name":"(anonymous_6)","decl":{"start":{"line":33,"column":23},"end":{"line":33,"column":24}},"loc":{"start":{"line":33,"column":29},"end":{"line":72,"column":3}},"line":33},"7":{"name":"(anonymous_7)","decl":{"start":{"line":37,"column":123},"end":{"line":37,"column":124}},"loc":{"start":{"line":37,"column":129},"end":{"line":37,"column":149}},"line":37},"8":{"name":"(anonymous_8)","decl":{"start":{"line":49,"column":68},"end":{"line":49,"column":69}},"loc":{"start":{"line":49,"column":74},"end":{"line":49,"column":91}},"line":49},"9":{"name":"(anonymous_9)","decl":{"start":{"line":54,"column":62},"end":{"line":54,"column":63}},"loc":{"start":{"line":54,"column":68},"end":{"line":54,"column":79}},"line":54},"10":{"name":"(anonymous_10)","decl":{"start":{"line":62,"column":88},"end":{"line":62,"column":89}},"loc":{"start":{"line":62,"column":94},"end":{"line":62,"column":116}},"line":62},"11":{"name":"(anonymous_11)","decl":{"start":{"line":63,"column":88},"end":{"line":63,"column":89}},"loc":{"start":{"line":63,"column":94},"end":{"line":63,"column":114}},"line":63},"12":{"name":"(anonymous_12)","decl":{"start":{"line":64,"column":88},"end":{"line":64,"column":89}},"loc":{"start":{"line":64,"column":94},"end":{"line":64,"column":124}},"line":64},"13":{"name":"(anonymous_13)","decl":{"start":{"line":68,"column":88},"end":{"line":68,"column":89}},"loc":{"start":{"line":68,"column":94},"end":{"line":68,"column":116}},"line":68},"14":{"name":"(anonymous_14)","decl":{"start":{"line":74,"column":22},"end":{"line":74,"column":23}},"loc":{"start":{"line":75,"column":4},"end":{"line":81,"column":10}},"line":75},"15":{"name":"(anonymous_15)","decl":{"start":{"line":77,"column":53},"end":{"line":77,"column":54}},"loc":{"start":{"line":77,"column":60},"end":{"line":77,"column":82}},"line":77}},"branchMap":{},"s":{"0":2,"1":1,"2":1,"3":0,"4":0,"5":0,"6":0,"7":1,"8":1,"9":1,"10":1,"11":1,"12":8,"13":0,"14":1,"15":0,"16":0,"17":0,"18":0,"19":0,"20":0,"21":1,"22":1,"23":0,"24":1},"f":{"0":1,"1":1,"2":0,"3":0,"4":0,"5":0,"6":1,"7":0,"8":0,"9":0,"10":0,"11":0,"12":0,"13":0,"14":1,"15":0},"b":{},"_coverageSchema":"43e27e138ebf9cfc5966b082cf9a028302ed4184","hash":"16d2284c588c9ce66c7ef5409b85a6fe80350c79"}
,"/Users/dongmin/lecture/sogae/swpp2020-team2/frontend/src/components/TopBar/TopBar.js": {"path":"/Users/dongmin/lecture/sogae/swpp2020-team2/frontend/src/components/TopBar/TopBar.js","statementMap":{"0":{"start":{"line":4,"column":15},"end":{"line":8,"column":1}},"1":{"start":{"line":5,"column":2},"end":{"line":7,"column":8}}},"fnMap":{"0":{"name":"(anonymous_0)","decl":{"start":{"line":4,"column":15},"end":{"line":4,"column":16}},"loc":{"start":{"line":5,"column":2},"end":{"line":7,"column":8}},"line":5}},"branchMap":{},"s":{"0":3,"1":2},"f":{"0":2},"b":{},"_coverageSchema":"43e27e138ebf9cfc5966b082cf9a028302ed4184","hash":"b37ad360560cbdb78d44fc480857516de0bf0a58"}
,"/Users/dongmin/lecture/sogae/swpp2020-team2/frontend/src/components/eventBox/EventBox.js": {"path":"/Users/dongmin/lecture/sogae/swpp2020-team2/frontend/src/components/eventBox/EventBox.js","statementMap":{"0":{"start":{"line":8,"column":17},"end":{"line":67,"column":1}},"1":{"start":{"line":9,"column":2},"end":{"line":66,"column":8}},"2":{"start":{"line":30,"column":51},"end":{"line":30,"column":86}}},"fnMap":{"0":{"name":"(anonymous_0)","decl":{"start":{"line":8,"column":17},"end":{"line":8,"column":18}},"loc":{"start":{"line":9,"column":2},"end":{"line":66,"column":8}},"line":9},"1":{"name":"(anonymous_1)","decl":{"start":{"line":30,"column":43},"end":{"line":30,"column":44}},"loc":{"start":{"line":30,"column":49},"end":{"line":30,"column":88}},"line":30}},"branchMap":{"0":{"loc":{"start":{"line":12,"column":23},"end":{"line":19,"column":28}},"type":"cond-expr","locations":[{"start":{"line":12,"column":55},"end":{"line":12,"column":60}},{"start":{"line":13,"column":10},"end":{"line":19,"column":28}}],"line":12},"1":{"loc":{"start":{"line":13,"column":10},"end":{"line":19,"column":28}},"type":"cond-expr","locations":[{"start":{"line":13,"column":42},"end":{"line":13,"column":50}},{"start":{"line":14,"column":12},"end":{"line":19,"column":28}}],"line":13},"2":{"loc":{"start":{"line":14,"column":12},"end":{"line":19,"column":28}},"type":"cond-expr","locations":[{"start":{"line":14,"column":44},"end":{"line":14,"column":52}},{"start":{"line":15,"column":14},"end":{"line":19,"column":28}}],"line":14},"3":{"loc":{"start":{"line":15,"column":14},"end":{"line":19,"column":28}},"type":"cond-expr","locations":[{"start":{"line":15,"column":46},"end":{"line":15,"column":53}},{"start":{"line":16,"column":16},"end":{"line":19,"column":28}}],"line":15},"4":{"loc":{"start":{"line":16,"column":16},"end":{"line":19,"column":28}},"type":"cond-expr","locations":[{"start":{"line":16,"column":48},"end":{"line":16,"column":57}},{"start":{"line":17,"column":18},"end":{"line":19,"column":28}}],"line":16},"5":{"loc":{"start":{"line":17,"column":18},"end":{"line":19,"column":28}},"type":"cond-expr","locations":[{"start":{"line":17,"column":50},"end":{"line":17,"column":56}},{"start":{"line":18,"column":20},"end":{"line":19,"column":28}}],"line":17},"6":{"loc":{"start":{"line":18,"column":20},"end":{"line":19,"column":28}},"type":"cond-expr","locations":[{"start":{"line":18,"column":52},"end":{"line":18,"column":60}},{"start":{"line":19,"column":22},"end":{"line":19,"column":28}}],"line":18}},"s":{"0":4,"1":10,"2":1},"f":{"0":10,"1":1},"b":{"0":[1,9],"1":[1,8],"2":[1,7],"3":[1,6],"4":[1,5],"5":[1,4],"6":[1,3]},"_coverageSchema":"43e27e138ebf9cfc5966b082cf9a028302ed4184","hash":"4bb3d50673d18a412a4160212453c560a01ed3fb"}
,"/Users/dongmin/lecture/sogae/swpp2020-team2/frontend/src/components/eventListModal/EventListModal.js": {"path":"/Users/dongmin/lecture/sogae/swpp2020-team2/frontend/src/components/eventListModal/EventListModal.js","statementMap":{"0":{"start":{"line":12,"column":12},"end":{"line":16,"column":5}},"1":{"start":{"line":19,"column":25},"end":{"line":19,"column":43}},"2":{"start":{"line":20,"column":28},"end":{"line":20,"column":62}},"3":{"start":{"line":21,"column":6},"end":{"line":25,"column":9}},"4":{"start":{"line":28,"column":24},"end":{"line":30,"column":5}},"5":{"start":{"line":32,"column":23},"end":{"line":34,"column":5}},"6":{"start":{"line":36,"column":25},"end":{"line":38,"column":5}},"7":{"start":{"line":40,"column":25},"end":{"line":42,"column":5}},"8":{"start":{"line":41,"column":6},"end":{"line":41,"column":48}},"9":{"start":{"line":45,"column":21},"end":{"line":53,"column":8}},"10":{"start":{"line":46,"column":8},"end":{"line":52,"column":10}},"11":{"start":{"line":48,"column":28},"end":{"line":48,"column":60}},"12":{"start":{"line":49,"column":27},"end":{"line":49,"column":58}},"13":{"start":{"line":50,"column":29},"end":{"line":50,"column":62}},"14":{"start":{"line":51,"column":29},"end":{"line":51,"column":62}},"15":{"start":{"line":54,"column":6},"end":{"line":86,"column":8}},"16":{"start":{"line":70,"column":83},"end":{"line":70,"column":128}},"17":{"start":{"line":75,"column":77},"end":{"line":75,"column":107}}},"fnMap":{"0":{"name":"(anonymous_0)","decl":{"start":{"line":18,"column":4},"end":{"line":18,"column":5}},"loc":{"start":{"line":18,"column":24},"end":{"line":26,"column":5}},"line":18},"1":{"name":"(anonymous_1)","decl":{"start":{"line":28,"column":24},"end":{"line":28,"column":25}},"loc":{"start":{"line":28,"column":32},"end":{"line":30,"column":5}},"line":28},"2":{"name":"(anonymous_2)","decl":{"start":{"line":32,"column":23},"end":{"line":32,"column":24}},"loc":{"start":{"line":32,"column":31},"end":{"line":34,"column":5}},"line":32},"3":{"name":"(anonymous_3)","decl":{"start":{"line":36,"column":25},"end":{"line":36,"column":26}},"loc":{"start":{"line":36,"column":33},"end":{"line":38,"column":5}},"line":36},"4":{"name":"(anonymous_4)","decl":{"start":{"line":40,"column":25},"end":{"line":40,"column":26}},"loc":{"start":{"line":40,"column":33},"end":{"line":42,"column":5}},"line":40},"5":{"name":"(anonymous_5)","decl":{"start":{"line":44,"column":4},"end":{"line":44,"column":5}},"loc":{"start":{"line":44,"column":13},"end":{"line":87,"column":5}},"line":44},"6":{"name":"(anonymous_6)","decl":{"start":{"line":45,"column":50},"end":{"line":45,"column":51}},"loc":{"start":{"line":46,"column":8},"end":{"line":52,"column":10}},"line":46},"7":{"name":"(anonymous_7)","decl":{"start":{"line":48,"column":22},"end":{"line":48,"column":23}},"loc":{"start":{"line":48,"column":28},"end":{"line":48,"column":60}},"line":48},"8":{"name":"(anonymous_8)","decl":{"start":{"line":49,"column":21},"end":{"line":49,"column":22}},"loc":{"start":{"line":49,"column":27},"end":{"line":49,"column":58}},"line":49},"9":{"name":"(anonymous_9)","decl":{"start":{"line":50,"column":23},"end":{"line":50,"column":24}},"loc":{"start":{"line":50,"column":29},"end":{"line":50,"column":62}},"line":50},"10":{"name":"(anonymous_10)","decl":{"start":{"line":51,"column":23},"end":{"line":51,"column":24}},"loc":{"start":{"line":51,"column":29},"end":{"line":51,"column":62}},"line":51},"11":{"name":"(anonymous_11)","decl":{"start":{"line":70,"column":77},"end":{"line":70,"column":78}},"loc":{"start":{"line":70,"column":83},"end":{"line":70,"column":128}},"line":70},"12":{"name":"(anonymous_12)","decl":{"start":{"line":75,"column":71},"end":{"line":75,"column":72}},"loc":{"start":{"line":75,"column":77},"end":{"line":75,"column":107}},"line":75}},"branchMap":{},"s":{"0":1,"1":1,"2":1,"3":0,"4":1,"5":1,"6":1,"7":1,"8":0,"9":1,"10":0,"11":0,"12":0,"13":0,"14":0,"15":1,"16":0,"17":0},"f":{"0":1,"1":0,"2":0,"3":0,"4":0,"5":1,"6":0,"7":0,"8":0,"9":0,"10":0,"11":0,"12":0},"b":{},"_coverageSchema":"43e27e138ebf9cfc5966b082cf9a028302ed4184","hash":"578f2e967a3f2491737275c67f7b56e1407dc854"}
,"/Users/dongmin/lecture/sogae/swpp2020-team2/frontend/src/containers/event/Create/EventCreate.js": {"path":"/Users/dongmin/lecture/sogae/swpp2020-team2/frontend/src/containers/event/Create/EventCreate.js","statementMap":{"0":{"start":{"line":11,"column":10},"end":{"line":19,"column":3}},"1":{"start":{"line":26,"column":16},"end":{"line":28,"column":3}},"2":{"start":{"line":27,"column":4},"end":{"line":27,"column":32}},"3":{"start":{"line":31,"column":23},"end":{"line":31,"column":27}},"4":{"start":{"line":33,"column":4},"end":{"line":166,"column":6}},"5":{"start":{"line":42,"column":54},"end":{"line":42,"column":72}},"6":{"start":{"line":58,"column":41},"end":{"line":58,"column":85}},"7":{"start":{"line":95,"column":41},"end":{"line":95,"column":85}},"8":{"start":{"line":119,"column":41},"end":{"line":119,"column":90}},"9":{"start":{"line":126,"column":41},"end":{"line":126,"column":88}},"10":{"start":{"line":141,"column":39},"end":{"line":141,"column":85}},"11":{"start":{"line":170,"column":24},"end":{"line":173,"column":2}},"12":{"start":{"line":170,"column":36},"end":{"line":173,"column":1}},"13":{"start":{"line":175,"column":27},"end":{"line":177,"column":2}},"14":{"start":{"line":175,"column":42},"end":{"line":177,"column":1}}},"fnMap":{"0":{"name":"(anonymous_0)","decl":{"start":{"line":26,"column":16},"end":{"line":26,"column":17}},"loc":{"start":{"line":26,"column":22},"end":{"line":28,"column":3}},"line":26},"1":{"name":"(anonymous_1)","decl":{"start":{"line":30,"column":2},"end":{"line":30,"column":3}},"loc":{"start":{"line":30,"column":11},"end":{"line":167,"column":3}},"line":30},"2":{"name":"(anonymous_2)","decl":{"start":{"line":42,"column":48},"end":{"line":42,"column":49}},"loc":{"start":{"line":42,"column":54},"end":{"line":42,"column":72}},"line":42},"3":{"name":"(anonymous_3)","decl":{"start":{"line":58,"column":30},"end":{"line":58,"column":31}},"loc":{"start":{"line":58,"column":41},"end":{"line":58,"column":85}},"line":58},"4":{"name":"(anonymous_4)","decl":{"start":{"line":65,"column":69},"end":{"line":65,"column":70}},"loc":{"start":{"line":65,"column":75},"end":{"line":65,"column":77}},"line":65},"5":{"name":"(anonymous_5)","decl":{"start":{"line":82,"column":66},"end":{"line":82,"column":67}},"loc":{"start":{"line":82,"column":72},"end":{"line":82,"column":74}},"line":82},"6":{"name":"(anonymous_6)","decl":{"start":{"line":95,"column":30},"end":{"line":95,"column":31}},"loc":{"start":{"line":95,"column":41},"end":{"line":95,"column":85}},"line":95},"7":{"name":"(anonymous_7)","decl":{"start":{"line":104,"column":64},"end":{"line":104,"column":65}},"loc":{"start":{"line":104,"column":70},"end":{"line":104,"column":72}},"line":104},"8":{"name":"(anonymous_8)","decl":{"start":{"line":119,"column":30},"end":{"line":119,"column":31}},"loc":{"start":{"line":119,"column":41},"end":{"line":119,"column":90}},"line":119},"9":{"name":"(anonymous_9)","decl":{"start":{"line":126,"column":30},"end":{"line":126,"column":31}},"loc":{"start":{"line":126,"column":41},"end":{"line":126,"column":88}},"line":126},"10":{"name":"(anonymous_10)","decl":{"start":{"line":141,"column":28},"end":{"line":141,"column":29}},"loc":{"start":{"line":141,"column":39},"end":{"line":141,"column":85}},"line":141},"11":{"name":"(anonymous_11)","decl":{"start":{"line":147,"column":57},"end":{"line":147,"column":58}},"loc":{"start":{"line":147,"column":63},"end":{"line":147,"column":65}},"line":147},"12":{"name":"(anonymous_12)","decl":{"start":{"line":150,"column":52},"end":{"line":150,"column":53}},"loc":{"start":{"line":150,"column":58},"end":{"line":150,"column":60}},"line":150},"13":{"name":"(anonymous_13)","decl":{"start":{"line":158,"column":23},"end":{"line":158,"column":24}},"loc":{"start":{"line":158,"column":29},"end":{"line":158,"column":31}},"line":158},"14":{"name":"(anonymous_14)","decl":{"start":{"line":170,"column":24},"end":{"line":170,"column":25}},"loc":{"start":{"line":170,"column":36},"end":{"line":173,"column":1}},"line":170},"15":{"name":"(anonymous_15)","decl":{"start":{"line":175,"column":27},"end":{"line":175,"column":28}},"loc":{"start":{"line":175,"column":42},"end":{"line":177,"column":1}},"line":175}},"branchMap":{},"s":{"0":9,"1":9,"2":1,"3":15,"4":15,"5":1,"6":2,"7":1,"8":1,"9":1,"10":1,"11":2,"12":9,"13":2,"14":9},"f":{"0":1,"1":15,"2":1,"3":2,"4":1,"5":1,"6":1,"7":0,"8":1,"9":1,"10":1,"11":0,"12":0,"13":0,"14":9,"15":9},"b":{},"_coverageSchema":"43e27e138ebf9cfc5966b082cf9a028302ed4184","hash":"b28f3d309a7faa6a80d46503c0338ba8bbd2d383"}
,"/Users/dongmin/lecture/sogae/swpp2020-team2/frontend/src/containers/event/Detail/EventDetail.js": {"path":"/Users/dongmin/lecture/sogae/swpp2020-team2/frontend/src/containers/event/Detail/EventDetail.js","statementMap":{"0":{"start":{"line":12,"column":10},"end":{"line":24,"column":3}},"1":{"start":{"line":31,"column":16},"end":{"line":33,"column":3}},"2":{"start":{"line":32,"column":4},"end":{"line":32,"column":32}},"3":{"start":{"line":59,"column":6},"end":{"line":66,"column":12}},"4":{"start":{"line":69,"column":4},"end":{"line":165,"column":6}},"5":{"start":{"line":78,"column":54},"end":{"line":78,"column":72}},"6":{"start":{"line":169,"column":24},"end":{"line":172,"column":2}},"7":{"start":{"line":169,"column":36},"end":{"line":172,"column":1}},"8":{"start":{"line":174,"column":27},"end":{"line":176,"column":2}},"9":{"start":{"line":174,"column":42},"end":{"line":176,"column":1}}},"fnMap":{"0":{"name":"(anonymous_0)","decl":{"start":{"line":31,"column":16},"end":{"line":31,"column":17}},"loc":{"start":{"line":31,"column":22},"end":{"line":33,"column":3}},"line":31},"1":{"name":"(anonymous_1)","decl":{"start":{"line":57,"column":2},"end":{"line":57,"column":3}},"loc":{"start":{"line":57,"column":11},"end":{"line":166,"column":3}},"line":57},"2":{"name":"(anonymous_2)","decl":{"start":{"line":78,"column":48},"end":{"line":78,"column":49}},"loc":{"start":{"line":78,"column":54},"end":{"line":78,"column":72}},"line":78},"3":{"name":"(anonymous_3)","decl":{"start":{"line":85,"column":56},"end":{"line":85,"column":57}},"loc":{"start":{"line":85,"column":62},"end":{"line":85,"column":64}},"line":85},"4":{"name":"(anonymous_4)","decl":{"start":{"line":88,"column":55},"end":{"line":88,"column":56}},"loc":{"start":{"line":88,"column":61},"end":{"line":88,"column":63}},"line":88},"5":{"name":"(anonymous_5)","decl":{"start":{"line":91,"column":57},"end":{"line":91,"column":58}},"loc":{"start":{"line":91,"column":63},"end":{"line":91,"column":65}},"line":91},"6":{"name":"(anonymous_6)","decl":{"start":{"line":169,"column":24},"end":{"line":169,"column":25}},"loc":{"start":{"line":169,"column":36},"end":{"line":172,"column":1}},"line":169},"7":{"name":"(anonymous_7)","decl":{"start":{"line":174,"column":27},"end":{"line":174,"column":28}},"loc":{"start":{"line":174,"column":42},"end":{"line":176,"column":1}},"line":174}},"branchMap":{},"s":{"0":2,"1":2,"2":1,"3":2,"4":2,"5":1,"6":2,"7":2,"8":2,"9":2},"f":{"0":1,"1":2,"2":1,"3":0,"4":0,"5":0,"6":2,"7":2},"b":{},"_coverageSchema":"43e27e138ebf9cfc5966b082cf9a028302ed4184","hash":"d98c8b85f188d531ca4b5e5eaeeb11fa15ea842e"}
,"/Users/dongmin/lecture/sogae/swpp2020-team2/frontend/src/containers/event/Modify/EventModify.js": {"path":"/Users/dongmin/lecture/sogae/swpp2020-team2/frontend/src/containers/event/Modify/EventModify.js","statementMap":{"0":{"start":{"line":9,"column":4},"end":{"line":13,"column":6}},"1":{"start":{"line":17,"column":24},"end":{"line":19,"column":2}},"2":{"start":{"line":17,"column":36},"end":{"line":19,"column":1}},"3":{"start":{"line":21,"column":27},"end":{"line":23,"column":2}},"4":{"start":{"line":21,"column":42},"end":{"line":23,"column":1}}},"fnMap":{"0":{"name":"(anonymous_0)","decl":{"start":{"line":8,"column":2},"end":{"line":8,"column":3}},"loc":{"start":{"line":8,"column":11},"end":{"line":14,"column":3}},"line":8},"1":{"name":"(anonymous_1)","decl":{"start":{"line":17,"column":24},"end":{"line":17,"column":25}},"loc":{"start":{"line":17,"column":36},"end":{"line":19,"column":1}},"line":17},"2":{"name":"(anonymous_2)","decl":{"start":{"line":21,"column":27},"end":{"line":21,"column":28}},"loc":{"start":{"line":21,"column":42},"end":{"line":23,"column":1}},"line":21}},"branchMap":{},"s":{"0":1,"1":2,"2":1,"3":2,"4":1},"f":{"0":1,"1":1,"2":1},"b":{},"_coverageSchema":"43e27e138ebf9cfc5966b082cf9a028302ed4184","hash":"bf412a00c516e1668c4ef17f71a286d0e328b15e"}
,"/Users/dongmin/lecture/sogae/swpp2020-team2/frontend/src/containers/main/Main.js": {"path":"/Users/dongmin/lecture/sogae/swpp2020-team2/frontend/src/containers/main/Main.js","statementMap":{"0":{"start":{"line":9,"column":10},"end":{"line":12,"column":3}},"1":{"start":{"line":15,"column":4},"end":{"line":17,"column":5}},"2":{"start":{"line":16,"column":6},"end":{"line":16,"column":73}},"3":{"start":{"line":16,"column":35},"end":{"line":16,"column":73}},"4":{"start":{"line":20,"column":18},"end":{"line":26,"column":3}},"5":{"start":{"line":21,"column":4},"end":{"line":24,"column":5}},"6":{"start":{"line":22,"column":6},"end":{"line":22,"column":47}},"7":{"start":{"line":23,"column":6},"end":{"line":23,"column":13}},"8":{"start":{"line":25,"column":4},"end":{"line":25,"column":88}},"9":{"start":{"line":29,"column":4},"end":{"line":78,"column":6}},"10":{"start":{"line":49,"column":39},"end":{"line":49,"column":86}},"11":{"start":{"line":58,"column":39},"end":{"line":58,"column":86}},"12":{"start":{"line":64,"column":70},"end":{"line":64,"column":90}},"13":{"start":{"line":68,"column":37},"end":{"line":68,"column":71}},"14":{"start":{"line":82,"column":24},"end":{"line":84,"column":2}},"15":{"start":{"line":82,"column":36},"end":{"line":84,"column":1}},"16":{"start":{"line":86,"column":27},"end":{"line":88,"column":2}},"17":{"start":{"line":86,"column":42},"end":{"line":88,"column":1}},"18":{"start":{"line":87,"column":20},"end":{"line":87,"column":57}}},"fnMap":{"0":{"name":"(anonymous_0)","decl":{"start":{"line":14,"column":2},"end":{"line":14,"column":3}},"loc":{"start":{"line":14,"column":32},"end":{"line":18,"column":3}},"line":14},"1":{"name":"(anonymous_1)","decl":{"start":{"line":20,"column":18},"end":{"line":20,"column":19}},"loc":{"start":{"line":20,"column":24},"end":{"line":26,"column":3}},"line":20},"2":{"name":"(anonymous_2)","decl":{"start":{"line":28,"column":2},"end":{"line":28,"column":3}},"loc":{"start":{"line":28,"column":11},"end":{"line":79,"column":3}},"line":28},"3":{"name":"(anonymous_3)","decl":{"start":{"line":49,"column":28},"end":{"line":49,"column":29}},"loc":{"start":{"line":49,"column":39},"end":{"line":49,"column":86}},"line":49},"4":{"name":"(anonymous_4)","decl":{"start":{"line":58,"column":28},"end":{"line":58,"column":29}},"loc":{"start":{"line":58,"column":39},"end":{"line":58,"column":86}},"line":58},"5":{"name":"(anonymous_5)","decl":{"start":{"line":64,"column":64},"end":{"line":64,"column":65}},"loc":{"start":{"line":64,"column":70},"end":{"line":64,"column":90}},"line":64},"6":{"name":"(anonymous_6)","decl":{"start":{"line":68,"column":31},"end":{"line":68,"column":32}},"loc":{"start":{"line":68,"column":37},"end":{"line":68,"column":71}},"line":68},"7":{"name":"(anonymous_7)","decl":{"start":{"line":82,"column":24},"end":{"line":82,"column":25}},"loc":{"start":{"line":82,"column":36},"end":{"line":84,"column":1}},"line":82},"8":{"name":"(anonymous_8)","decl":{"start":{"line":86,"column":27},"end":{"line":86,"column":28}},"loc":{"start":{"line":86,"column":42},"end":{"line":88,"column":1}},"line":86},"9":{"name":"(anonymous_9)","decl":{"start":{"line":87,"column":10},"end":{"line":87,"column":11}},"loc":{"start":{"line":87,"column":20},"end":{"line":87,"column":57}},"line":87}},"branchMap":{"0":{"loc":{"start":{"line":15,"column":4},"end":{"line":17,"column":5}},"type":"if","locations":[{"start":{"line":15,"column":4},"end":{"line":17,"column":5}},{"start":{"line":15,"column":4},"end":{"line":17,"column":5}}],"line":15},"1":{"loc":{"start":{"line":16,"column":6},"end":{"line":16,"column":73}},"type":"if","locations":[{"start":{"line":16,"column":6},"end":{"line":16,"column":73}},{"start":{"line":16,"column":6},"end":{"line":16,"column":73}}],"line":16},"2":{"loc":{"start":{"line":21,"column":4},"end":{"line":24,"column":5}},"type":"if","locations":[{"start":{"line":21,"column":4},"end":{"line":24,"column":5}},{"start":{"line":21,"column":4},"end":{"line":24,"column":5}}],"line":21},"3":{"loc":{"start":{"line":21,"column":8},"end":{"line":21,"column":64}},"type":"binary-expr","locations":[{"start":{"line":21,"column":8},"end":{"line":21,"column":34}},{"start":{"line":21,"column":38},"end":{"line":21,"column":64}}],"line":21}},"s":{"0":5,"1":7,"2":2,"3":1,"4":5,"5":3,"6":2,"7":2,"8":1,"9":10,"10":3,"11":2,"12":3,"13":1,"14":1,"15":5,"16":1,"17":5,"18":1},"f":{"0":7,"1":3,"2":10,"3":3,"4":2,"5":3,"6":1,"7":5,"8":5,"9":1},"b":{"0":[2,5],"1":[1,1],"2":[2,1],"3":[3,2]},"_coverageSchema":"43e27e138ebf9cfc5966b082cf9a028302ed4184","hash":"2cbabd0c4994c4994b4a64ca3de3a49185813369"}
,"/Users/dongmin/lecture/sogae/swpp2020-team2/frontend/src/containers/public/Public.js": {"path":"/Users/dongmin/lecture/sogae/swpp2020-team2/frontend/src/containers/public/Public.js","statementMap":{"0":{"start":{"line":17,"column":4},"end":{"line":17,"column":17}},"1":{"start":{"line":18,"column":4},"end":{"line":29,"column":6}},"2":{"start":{"line":30,"column":4},"end":{"line":30,"column":49}},"3":{"start":{"line":31,"column":4},"end":{"line":31,"column":63}},"4":{"start":{"line":32,"column":4},"end":{"line":32,"column":65}},"5":{"start":{"line":33,"column":4},"end":{"line":33,"column":55}},"6":{"start":{"line":34,"column":4},"end":{"line":34,"column":53}},"7":{"start":{"line":35,"column":4},"end":{"line":35,"column":53}},"8":{"start":{"line":36,"column":4},"end":{"line":36,"column":63}},"9":{"start":{"line":37,"column":4},"end":{"line":37,"column":57}},"10":{"start":{"line":38,"column":4},"end":{"line":38,"column":57}},"11":{"start":{"line":39,"column":4},"end":{"line":39,"column":55}},"12":{"start":{"line":43,"column":30},"end":{"line":43,"column":40}},"13":{"start":{"line":44,"column":4},"end":{"line":44,"column":20}},"14":{"start":{"line":48,"column":4},"end":{"line":48,"column":47}},"15":{"start":{"line":53,"column":4},"end":{"line":57,"column":7}},"16":{"start":{"line":61,"column":4},"end":{"line":63,"column":7}},"17":{"start":{"line":67,"column":4},"end":{"line":69,"column":7}},"18":{"start":{"line":73,"column":4},"end":{"line":75,"column":7}},"19":{"start":{"line":79,"column":4},"end":{"line":81,"column":7}},"20":{"start":{"line":85,"column":4},"end":{"line":92,"column":7}},"21":{"start":{"line":86,"column":30},"end":{"line":86,"column":50}},"22":{"start":{"line":87,"column":6},"end":{"line":88,"column":35}},"23":{"start":{"line":87,"column":35},"end":{"line":87,"column":62}},"24":{"start":{"line":88,"column":11},"end":{"line":88,"column":35}},"25":{"start":{"line":89,"column":6},"end":{"line":91,"column":8}},"26":{"start":{"line":96,"column":4},"end":{"line":99,"column":7}},"27":{"start":{"line":97,"column":6},"end":{"line":97,"column":64}},"28":{"start":{"line":97,"column":37},"end":{"line":97,"column":64}},"29":{"start":{"line":98,"column":6},"end":{"line":98,"column":34}},"30":{"start":{"line":103,"column":4},"end":{"line":106,"column":7}},"31":{"start":{"line":104,"column":6},"end":{"line":104,"column":64}},"32":{"start":{"line":104,"column":37},"end":{"line":104,"column":64}},"33":{"start":{"line":105,"column":6},"end":{"line":105,"column":34}},"34":{"start":{"line":110,"column":4},"end":{"line":112,"column":7}},"35":{"start":{"line":116,"column":23},"end":{"line":116,"column":33}},"36":{"start":{"line":118,"column":16},"end":{"line":118,"column":20}},"37":{"start":{"line":119,"column":4},"end":{"line":129,"column":5}},"38":{"start":{"line":120,"column":6},"end":{"line":128,"column":8}},"39":{"start":{"line":131,"column":4},"end":{"line":154,"column":6}},"40":{"start":{"line":140,"column":127},"end":{"line":140,"column":152}},"41":{"start":{"line":158,"column":24},"end":{"line":160,"column":2}},"42":{"start":{"line":158,"column":36},"end":{"line":160,"column":1}},"43":{"start":{"line":162,"column":27},"end":{"line":164,"column":2}},"44":{"start":{"line":162,"column":42},"end":{"line":164,"column":1}},"45":{"start":{"line":163,"column":23},"end":{"line":163,"column":61}}},"fnMap":{"0":{"name":"onClickEvent","decl":{"start":{"line":11,"column":9},"end":{"line":11,"column":21}},"loc":{"start":{"line":11,"column":27},"end":{"line":13,"column":1}},"line":11},"1":{"name":"(anonymous_1)","decl":{"start":{"line":16,"column":2},"end":{"line":16,"column":3}},"loc":{"start":{"line":16,"column":21},"end":{"line":40,"column":3}},"line":16},"2":{"name":"(anonymous_2)","decl":{"start":{"line":42,"column":2},"end":{"line":42,"column":3}},"loc":{"start":{"line":42,"column":22},"end":{"line":45,"column":3}},"line":42},"3":{"name":"(anonymous_3)","decl":{"start":{"line":47,"column":2},"end":{"line":47,"column":3}},"loc":{"start":{"line":47,"column":23},"end":{"line":49,"column":3}},"line":47},"4":{"name":"(anonymous_4)","decl":{"start":{"line":51,"column":2},"end":{"line":51,"column":3}},"loc":{"start":{"line":51,"column":26},"end":{"line":58,"column":3}},"line":51},"5":{"name":"(anonymous_5)","decl":{"start":{"line":60,"column":2},"end":{"line":60,"column":3}},"loc":{"start":{"line":60,"column":22},"end":{"line":64,"column":3}},"line":60},"6":{"name":"(anonymous_6)","decl":{"start":{"line":66,"column":2},"end":{"line":66,"column":3}},"loc":{"start":{"line":66,"column":21},"end":{"line":70,"column":3}},"line":66},"7":{"name":"(anonymous_7)","decl":{"start":{"line":72,"column":2},"end":{"line":72,"column":3}},"loc":{"start":{"line":72,"column":20},"end":{"line":76,"column":3}},"line":72},"8":{"name":"(anonymous_8)","decl":{"start":{"line":78,"column":2},"end":{"line":78,"column":3}},"loc":{"start":{"line":78,"column":20},"end":{"line":82,"column":3}},"line":78},"9":{"name":"(anonymous_9)","decl":{"start":{"line":84,"column":2},"end":{"line":84,"column":3}},"loc":{"start":{"line":84,"column":24},"end":{"line":93,"column":3}},"line":84},"10":{"name":"(anonymous_10)","decl":{"start":{"line":85,"column":18},"end":{"line":85,"column":19}},"loc":{"start":{"line":85,"column":29},"end":{"line":92,"column":5}},"line":85},"11":{"name":"(anonymous_11)","decl":{"start":{"line":95,"column":2},"end":{"line":95,"column":3}},"loc":{"start":{"line":95,"column":22},"end":{"line":100,"column":3}},"line":95},"12":{"name":"(anonymous_12)","decl":{"start":{"line":96,"column":18},"end":{"line":96,"column":19}},"loc":{"start":{"line":96,"column":29},"end":{"line":99,"column":5}},"line":96},"13":{"name":"(anonymous_13)","decl":{"start":{"line":102,"column":2},"end":{"line":102,"column":3}},"loc":{"start":{"line":102,"column":22},"end":{"line":107,"column":3}},"line":102},"14":{"name":"(anonymous_14)","decl":{"start":{"line":103,"column":18},"end":{"line":103,"column":19}},"loc":{"start":{"line":103,"column":29},"end":{"line":106,"column":5}},"line":103},"15":{"name":"(anonymous_15)","decl":{"start":{"line":109,"column":2},"end":{"line":109,"column":3}},"loc":{"start":{"line":109,"column":21},"end":{"line":113,"column":3}},"line":109},"16":{"name":"(anonymous_16)","decl":{"start":{"line":115,"column":2},"end":{"line":115,"column":3}},"loc":{"start":{"line":115,"column":11},"end":{"line":155,"column":3}},"line":115},"17":{"name":"(anonymous_17)","decl":{"start":{"line":140,"column":121},"end":{"line":140,"column":122}},"loc":{"start":{"line":140,"column":127},"end":{"line":140,"column":152}},"line":140},"18":{"name":"(anonymous_18)","decl":{"start":{"line":158,"column":24},"end":{"line":158,"column":25}},"loc":{"start":{"line":158,"column":36},"end":{"line":160,"column":1}},"line":158},"19":{"name":"(anonymous_19)","decl":{"start":{"line":162,"column":27},"end":{"line":162,"column":28}},"loc":{"start":{"line":162,"column":42},"end":{"line":164,"column":1}},"line":162},"20":{"name":"(anonymous_20)","decl":{"start":{"line":163,"column":17},"end":{"line":163,"column":18}},"loc":{"start":{"line":163,"column":23},"end":{"line":163,"column":61}},"line":163}},"branchMap":{"0":{"loc":{"start":{"line":87,"column":6},"end":{"line":88,"column":35}},"type":"if","locations":[{"start":{"line":87,"column":6},"end":{"line":88,"column":35}},{"start":{"line":87,"column":6},"end":{"line":88,"column":35}}],"line":87},"1":{"loc":{"start":{"line":97,"column":6},"end":{"line":97,"column":64}},"type":"if","locations":[{"start":{"line":97,"column":6},"end":{"line":97,"column":64}},{"start":{"line":97,"column":6},"end":{"line":97,"column":64}}],"line":97},"2":{"loc":{"start":{"line":104,"column":6},"end":{"line":104,"column":64}},"type":"if","locations":[{"start":{"line":104,"column":6},"end":{"line":104,"column":64}},{"start":{"line":104,"column":6},"end":{"line":104,"column":64}}],"line":104},"3":{"loc":{"start":{"line":119,"column":4},"end":{"line":129,"column":5}},"type":"if","locations":[{"start":{"line":119,"column":4},"end":{"line":129,"column":5}},{"start":{"line":119,"column":4},"end":{"line":129,"column":5}}],"line":119}},"s":{"0":1,"1":1,"2":1,"3":1,"4":1,"5":1,"6":1,"7":1,"8":1,"9":1,"10":1,"11":1,"12":1,"13":1,"14":0,"15":0,"16":0,"17":0,"18":0,"19":0,"20":0,"21":0,"22":0,"23":0,"24":0,"25":0,"26":0,"27":0,"28":0,"29":0,"30":0,"31":0,"32":0,"33":0,"34":0,"35":1,"36":1,"37":1,"38":0,"39":1,"40":0,"41":2,"42":1,"43":2,"44":1,"45":1},"f":{"0":0,"1":1,"2":1,"3":0,"4":0,"5":0,"6":0,"7":0,"8":0,"9":0,"10":0,"11":0,"12":0,"13":0,"14":0,"15":0,"16":1,"17":0,"18":1,"19":1,"20":1},"b":{"0":[0,0],"1":[0,0],"2":[0,0],"3":[0,1]},"_coverageSchema":"43e27e138ebf9cfc5966b082cf9a028302ed4184","hash":"1a2ceb6defc5cdb79ad3b447fe25635f27eff81b"}
,"/Users/dongmin/lecture/sogae/swpp2020-team2/frontend/src/containers/signup/Activate.js": {"path":"/Users/dongmin/lecture/sogae/swpp2020-team2/frontend/src/containers/signup/Activate.js","statementMap":{"0":{"start":{"line":9,"column":4},"end":{"line":12,"column":7}},"1":{"start":{"line":16,"column":4},"end":{"line":29,"column":6}},"2":{"start":{"line":27,"column":46},"end":{"line":27,"column":78}},"3":{"start":{"line":33,"column":24},"end":{"line":35,"column":2}},"4":{"start":{"line":33,"column":36},"end":{"line":35,"column":1}},"5":{"start":{"line":37,"column":27},"end":{"line":39,"column":2}},"6":{"start":{"line":37,"column":42},"end":{"line":39,"column":1}},"7":{"start":{"line":38,"column":22},"end":{"line":38,"column":61}}},"fnMap":{"0":{"name":"(anonymous_0)","decl":{"start":{"line":8,"column":2},"end":{"line":8,"column":3}},"loc":{"start":{"line":8,"column":22},"end":{"line":13,"column":3}},"line":8},"1":{"name":"(anonymous_1)","decl":{"start":{"line":15,"column":2},"end":{"line":15,"column":3}},"loc":{"start":{"line":15,"column":11},"end":{"line":30,"column":3}},"line":15},"2":{"name":"(anonymous_2)","decl":{"start":{"line":27,"column":40},"end":{"line":27,"column":41}},"loc":{"start":{"line":27,"column":46},"end":{"line":27,"column":78}},"line":27},"3":{"name":"(anonymous_3)","decl":{"start":{"line":33,"column":24},"end":{"line":33,"column":25}},"loc":{"start":{"line":33,"column":36},"end":{"line":35,"column":1}},"line":33},"4":{"name":"(anonymous_4)","decl":{"start":{"line":37,"column":27},"end":{"line":37,"column":28}},"loc":{"start":{"line":37,"column":42},"end":{"line":39,"column":1}},"line":37},"5":{"name":"(anonymous_5)","decl":{"start":{"line":38,"column":12},"end":{"line":38,"column":13}},"loc":{"start":{"line":38,"column":22},"end":{"line":38,"column":61}},"line":38}},"branchMap":{},"s":{"0":2,"1":2,"2":1,"3":2,"4":2,"5":2,"6":2,"7":2},"f":{"0":2,"1":2,"2":1,"3":2,"4":2,"5":2},"b":{},"_coverageSchema":"43e27e138ebf9cfc5966b082cf9a028302ed4184","hash":"49f1f1c153e5267855eadffaf8c9bcc91abeec69"}
,"/Users/dongmin/lecture/sogae/swpp2020-team2/frontend/src/containers/signup/Signup.js": {"path":"/Users/dongmin/lecture/sogae/swpp2020-team2/frontend/src/containers/signup/Signup.js","statementMap":{"0":{"start":{"line":9,"column":10},"end":{"line":18,"column":3}},"1":{"start":{"line":21,"column":4},"end":{"line":23,"column":5}},"2":{"start":{"line":22,"column":6},"end":{"line":22,"column":73}},"3":{"start":{"line":22,"column":35},"end":{"line":22,"column":73}},"4":{"start":{"line":26,"column":18},"end":{"line":77,"column":3}},"5":{"start":{"line":27,"column":4},"end":{"line":30,"column":5}},"6":{"start":{"line":28,"column":6},"end":{"line":28,"column":42}},"7":{"start":{"line":29,"column":6},"end":{"line":29,"column":13}},"8":{"start":{"line":31,"column":14},"end":{"line":31,"column":40}},"9":{"start":{"line":32,"column":4},"end":{"line":35,"column":5}},"10":{"start":{"line":32,"column":17},"end":{"line":32,"column":18}},"11":{"start":{"line":33,"column":15},"end":{"line":33,"column":37}},"12":{"start":{"line":34,"column":6},"end":{"line":34,"column":115}},"13":{"start":{"line":34,"column":109},"end":{"line":34,"column":115}},"14":{"start":{"line":36,"column":4},"end":{"line":39,"column":5}},"15":{"start":{"line":37,"column":6},"end":{"line":37,"column":67}},"16":{"start":{"line":38,"column":6},"end":{"line":38,"column":13}},"17":{"start":{"line":40,"column":4},"end":{"line":43,"column":5}},"18":{"start":{"line":41,"column":6},"end":{"line":41,"column":63}},"19":{"start":{"line":42,"column":6},"end":{"line":42,"column":13}},"20":{"start":{"line":50,"column":4},"end":{"line":50,"column":38}},"21":{"start":{"line":51,"column":4},"end":{"line":54,"column":5}},"22":{"start":{"line":52,"column":6},"end":{"line":52,"column":35}},"23":{"start":{"line":53,"column":6},"end":{"line":53,"column":73}},"24":{"start":{"line":53,"column":67},"end":{"line":53,"column":73}},"25":{"start":{"line":55,"column":4},"end":{"line":58,"column":5}},"26":{"start":{"line":56,"column":6},"end":{"line":56,"column":47}},"27":{"start":{"line":57,"column":6},"end":{"line":57,"column":13}},"28":{"start":{"line":59,"column":4},"end":{"line":59,"column":37}},"29":{"start":{"line":60,"column":4},"end":{"line":63,"column":5}},"30":{"start":{"line":61,"column":6},"end":{"line":61,"column":34}},"31":{"start":{"line":62,"column":6},"end":{"line":62,"column":73}},"32":{"start":{"line":62,"column":67},"end":{"line":62,"column":73}},"33":{"start":{"line":64,"column":4},"end":{"line":67,"column":5}},"34":{"start":{"line":65,"column":6},"end":{"line":65,"column":47}},"35":{"start":{"line":66,"column":6},"end":{"line":66,"column":13}},"36":{"start":{"line":68,"column":4},"end":{"line":76,"column":7}},"37":{"start":{"line":80,"column":4},"end":{"line":190,"column":6}},"38":{"start":{"line":84,"column":51},"end":{"line":84,"column":78}},"39":{"start":{"line":104,"column":39},"end":{"line":104,"column":86}},"40":{"start":{"line":115,"column":39},"end":{"line":115,"column":86}},"41":{"start":{"line":126,"column":39},"end":{"line":126,"column":87}},"42":{"start":{"line":133,"column":67},"end":{"line":133,"column":116}},"43":{"start":{"line":142,"column":67},"end":{"line":142,"column":116}},"44":{"start":{"line":156,"column":39},"end":{"line":156,"column":83}},"45":{"start":{"line":167,"column":39},"end":{"line":167,"column":87}},"46":{"start":{"line":178,"column":39},"end":{"line":178,"column":86}},"47":{"start":{"line":182,"column":72},"end":{"line":182,"column":92}},"48":{"start":{"line":194,"column":24},"end":{"line":196,"column":2}},"49":{"start":{"line":194,"column":36},"end":{"line":196,"column":1}},"50":{"start":{"line":198,"column":27},"end":{"line":200,"column":2}},"51":{"start":{"line":198,"column":42},"end":{"line":200,"column":1}},"52":{"start":{"line":199,"column":20},"end":{"line":199,"column":57}}},"fnMap":{"0":{"name":"(anonymous_0)","decl":{"start":{"line":20,"column":2},"end":{"line":20,"column":3}},"loc":{"start":{"line":20,"column":32},"end":{"line":24,"column":3}},"line":20},"1":{"name":"(anonymous_1)","decl":{"start":{"line":26,"column":18},"end":{"line":26,"column":19}},"loc":{"start":{"line":26,"column":24},"end":{"line":77,"column":3}},"line":26},"2":{"name":"(anonymous_2)","decl":{"start":{"line":79,"column":2},"end":{"line":79,"column":3}},"loc":{"start":{"line":79,"column":11},"end":{"line":191,"column":3}},"line":79},"3":{"name":"(anonymous_3)","decl":{"start":{"line":84,"column":45},"end":{"line":84,"column":46}},"loc":{"start":{"line":84,"column":51},"end":{"line":84,"column":78}},"line":84},"4":{"name":"(anonymous_4)","decl":{"start":{"line":104,"column":28},"end":{"line":104,"column":29}},"loc":{"start":{"line":104,"column":39},"end":{"line":104,"column":86}},"line":104},"5":{"name":"(anonymous_5)","decl":{"start":{"line":115,"column":28},"end":{"line":115,"column":29}},"loc":{"start":{"line":115,"column":39},"end":{"line":115,"column":86}},"line":115},"6":{"name":"(anonymous_6)","decl":{"start":{"line":126,"column":28},"end":{"line":126,"column":29}},"loc":{"start":{"line":126,"column":39},"end":{"line":126,"column":87}},"line":126},"7":{"name":"(anonymous_7)","decl":{"start":{"line":133,"column":56},"end":{"line":133,"column":57}},"loc":{"start":{"line":133,"column":67},"end":{"line":133,"column":116}},"line":133},"8":{"name":"(anonymous_8)","decl":{"start":{"line":142,"column":56},"end":{"line":142,"column":57}},"loc":{"start":{"line":142,"column":67},"end":{"line":142,"column":116}},"line":142},"9":{"name":"(anonymous_9)","decl":{"start":{"line":156,"column":28},"end":{"line":156,"column":29}},"loc":{"start":{"line":156,"column":39},"end":{"line":156,"column":83}},"line":156},"10":{"name":"(anonymous_10)","decl":{"start":{"line":167,"column":28},"end":{"line":167,"column":29}},"loc":{"start":{"line":167,"column":39},"end":{"line":167,"column":87}},"line":167},"11":{"name":"(anonymous_11)","decl":{"start":{"line":178,"column":28},"end":{"line":178,"column":29}},"loc":{"start":{"line":178,"column":39},"end":{"line":178,"column":86}},"line":178},"12":{"name":"(anonymous_12)","decl":{"start":{"line":182,"column":66},"end":{"line":182,"column":67}},"loc":{"start":{"line":182,"column":72},"end":{"line":182,"column":92}},"line":182},"13":{"name":"(anonymous_13)","decl":{"start":{"line":194,"column":24},"end":{"line":194,"column":25}},"loc":{"start":{"line":194,"column":36},"end":{"line":196,"column":1}},"line":194},"14":{"name":"(anonymous_14)","decl":{"start":{"line":198,"column":27},"end":{"line":198,"column":28}},"loc":{"start":{"line":198,"column":42},"end":{"line":200,"column":1}},"line":198},"15":{"name":"(anonymous_15)","decl":{"start":{"line":199,"column":10},"end":{"line":199,"column":11}},"loc":{"start":{"line":199,"column":20},"end":{"line":199,"column":57}},"line":199}},"branchMap":{"0":{"loc":{"start":{"line":21,"column":4},"end":{"line":23,"column":5}},"type":"if","locations":[{"start":{"line":21,"column":4},"end":{"line":23,"column":5}},{"start":{"line":21,"column":4},"end":{"line":23,"column":5}}],"line":21},"1":{"loc":{"start":{"line":22,"column":6},"end":{"line":22,"column":73}},"type":"if","locations":[{"start":{"line":22,"column":6},"end":{"line":22,"column":73}},{"start":{"line":22,"column":6},"end":{"line":22,"column":73}}],"line":22},"2":{"loc":{"start":{"line":27,"column":4},"end":{"line":30,"column":5}},"type":"if","locations":[{"start":{"line":27,"column":4},"end":{"line":30,"column":5}},{"start":{"line":27,"column":4},"end":{"line":30,"column":5}}],"line":27},"3":{"loc":{"start":{"line":27,"column":8},"end":{"line":27,"column":247}},"type":"binary-expr","locations":[{"start":{"line":27,"column":8},"end":{"line":27,"column":34}},{"start":{"line":27,"column":38},"end":{"line":27,"column":64}},{"start":{"line":27,"column":68},"end":{"line":27,"column":95}},{"start":{"line":27,"column":99},"end":{"line":27,"column":127}},{"start":{"line":27,"column":131},"end":{"line":27,"column":159}},{"start":{"line":27,"column":163},"end":{"line":27,"column":186}},{"start":{"line":27,"column":190},"end":{"line":27,"column":217}},{"start":{"line":27,"column":221},"end":{"line":27,"column":247}}],"line":27},"4":{"loc":{"start":{"line":34,"column":6},"end":{"line":34,"column":115}},"type":"if","locations":[{"start":{"line":34,"column":6},"end":{"line":34,"column":115}},{"start":{"line":34,"column":6},"end":{"line":34,"column":115}}],"line":34},"5":{"loc":{"start":{"line":34,"column":12},"end":{"line":34,"column":106}},"type":"binary-expr","locations":[{"start":{"line":34,"column":13},"end":{"line":34,"column":22}},{"start":{"line":34,"column":26},"end":{"line":34,"column":35}},{"start":{"line":34,"column":41},"end":{"line":34,"column":50}},{"start":{"line":34,"column":54},"end":{"line":34,"column":63}},{"start":{"line":34,"column":69},"end":{"line":34,"column":78}},{"start":{"line":34,"column":82},"end":{"line":34,"column":91}},{"start":{"line":34,"column":96},"end":{"line":34,"column":106}}],"line":34},"6":{"loc":{"start":{"line":36,"column":4},"end":{"line":39,"column":5}},"type":"if","locations":[{"start":{"line":36,"column":4},"end":{"line":39,"column":5}},{"start":{"line":36,"column":4},"end":{"line":39,"column":5}}],"line":36},"7":{"loc":{"start":{"line":40,"column":4},"end":{"line":43,"column":5}},"type":"if","locations":[{"start":{"line":40,"column":4},"end":{"line":43,"column":5}},{"start":{"line":40,"column":4},"end":{"line":43,"column":5}}],"line":40},"8":{"loc":{"start":{"line":53,"column":6},"end":{"line":53,"column":73}},"type":"if","locations":[{"start":{"line":53,"column":6},"end":{"line":53,"column":73}},{"start":{"line":53,"column":6},"end":{"line":53,"column":73}}],"line":53},"9":{"loc":{"start":{"line":53,"column":12},"end":{"line":53,"column":64}},"type":"binary-expr","locations":[{"start":{"line":53,"column":13},"end":{"line":53,"column":22}},{"start":{"line":53,"column":26},"end":{"line":53,"column":35}},{"start":{"line":53,"column":41},"end":{"line":53,"column":50}},{"start":{"line":53,"column":54},"end":{"line":53,"column":63}}],"line":53},"10":{"loc":{"start":{"line":55,"column":4},"end":{"line":58,"column":5}},"type":"if","locations":[{"start":{"line":55,"column":4},"end":{"line":58,"column":5}},{"start":{"line":55,"column":4},"end":{"line":58,"column":5}}],"line":55},"11":{"loc":{"start":{"line":62,"column":6},"end":{"line":62,"column":73}},"type":"if","locations":[{"start":{"line":62,"column":6},"end":{"line":62,"column":73}},{"start":{"line":62,"column":6},"end":{"line":62,"column":73}}],"line":62},"12":{"loc":{"start":{"line":62,"column":12},"end":{"line":62,"column":64}},"type":"binary-expr","locations":[{"start":{"line":62,"column":13},"end":{"line":62,"column":22}},{"start":{"line":62,"column":26},"end":{"line":62,"column":35}},{"start":{"line":62,"column":41},"end":{"line":62,"column":50}},{"start":{"line":62,"column":54},"end":{"line":62,"column":63}}],"line":62},"13":{"loc":{"start":{"line":64,"column":4},"end":{"line":67,"column":5}},"type":"if","locations":[{"start":{"line":64,"column":4},"end":{"line":67,"column":5}},{"start":{"line":64,"column":4},"end":{"line":67,"column":5}}],"line":64}},"s":{"0":5,"1":15,"2":2,"3":1,"4":5,"5":7,"6":1,"7":1,"8":6,"9":6,"10":6,"11":79,"12":79,"13":1,"14":6,"15":1,"16":1,"17":5,"18":1,"19":1,"20":4,"21":4,"22":36,"23":36,"24":2,"25":4,"26":2,"27":2,"28":2,"29":2,"30":17,"31":17,"32":1,"33":2,"34":1,"35":1,"36":1,"37":18,"38":1,"39":2,"40":1,"41":2,"42":1,"43":1,"44":2,"45":2,"46":2,"47":7,"48":2,"49":5,"50":2,"51":5,"52":1},"f":{"0":15,"1":7,"2":18,"3":1,"4":2,"5":1,"6":2,"7":1,"8":1,"9":2,"10":2,"11":2,"12":7,"13":5,"14":5,"15":1},"b":{"0":[2,13],"1":[1,1],"2":[1,6],"3":[7,6,6,6,6,6,6,6],"4":[1,78],"5":[79,72,7,6,7,7,7],"6":[1,5],"7":[1,4],"8":[2,34],"9":[36,34,2,2],"10":[2,2],"11":[1,16],"12":[17,16,1,1],"13":[1,1]},"_coverageSchema":"43e27e138ebf9cfc5966b082cf9a028302ed4184","hash":"de3b187492b12719853aeba127ff468b6add43ea"}
,"/Users/dongmin/lecture/sogae/swpp2020-team2/frontend/src/images/index.js": {"path":"/Users/dongmin/lecture/sogae/swpp2020-team2/frontend/src/images/index.js","statementMap":{"0":{"start":{"line":1,"column":22},"end":{"line":1,"column":52}},"1":{"start":{"line":2,"column":22},"end":{"line":2,"column":52}},"2":{"start":{"line":3,"column":22},"end":{"line":3,"column":52}},"3":{"start":{"line":4,"column":22},"end":{"line":4,"column":52}},"4":{"start":{"line":5,"column":22},"end":{"line":5,"column":52}},"5":{"start":{"line":6,"column":22},"end":{"line":6,"column":52}},"6":{"start":{"line":7,"column":22},"end":{"line":7,"column":52}},"7":{"start":{"line":8,"column":22},"end":{"line":8,"column":52}},"8":{"start":{"line":10,"column":29},"end":{"line":19,"column":1}},"9":{"start":{"line":21,"column":25},"end":{"line":21,"column":65}},"10":{"start":{"line":23,"column":31},"end":{"line":23,"column":47}},"11":{"start":{"line":25,"column":23},"end":{"line":25,"column":44}}},"fnMap":{},"branchMap":{},"s":{"0":5,"1":5,"2":5,"3":5,"4":5,"5":5,"6":5,"7":5,"8":5,"9":5,"10":5,"11":5},"f":{},"b":{},"_coverageSchema":"43e27e138ebf9cfc5966b082cf9a028302ed4184","hash":"5e07391f75632fbad4aa9a832f92b789754a8093"}
,"/Users/dongmin/lecture/sogae/swpp2020-team2/frontend/src/store/store.js": {"path":"/Users/dongmin/lecture/sogae/swpp2020-team2/frontend/src/store/store.js","statementMap":{"0":{"start":{"line":11,"column":23},"end":{"line":11,"column":45}},"1":{"start":{"line":12,"column":20},"end":{"line":16,"column":2}},"2":{"start":{"line":17,"column":27},"end":{"line":17,"column":61}},"3":{"start":{"line":19,"column":25},"end":{"line":19,"column":79}},"4":{"start":{"line":20,"column":14},"end":{"line":23,"column":4}}},"fnMap":{},"branchMap":{"0":{"loc":{"start":{"line":19,"column":25},"end":{"line":19,"column":79}},"type":"binary-expr","locations":[{"start":{"line":19,"column":25},"end":{"line":19,"column":68}},{"start":{"line":19,"column":72},"end":{"line":19,"column":79}}],"line":19}},"s":{"0":9,"1":9,"2":9,"3":9,"4":9},"f":{},"b":{"0":[9,9]},"_coverageSchema":"43e27e138ebf9cfc5966b082cf9a028302ed4184","hash":"61c18a2b7d4423f2c843ce18c6b30274ba3995fe"}
,"/Users/dongmin/lecture/sogae/swpp2020-team2/frontend/src/store/actions/actionTypes.js": {"path":"/Users/dongmin/lecture/sogae/swpp2020-team2/frontend/src/store/actions/actionTypes.js","statementMap":{"0":{"start":{"line":2,"column":23},"end":{"line":2,"column":32}},"1":{"start":{"line":3,"column":23},"end":{"line":3,"column":32}},"2":{"start":{"line":4,"column":24},"end":{"line":4,"column":34}},"3":{"start":{"line":7,"column":29},"end":{"line":7,"column":44}},"4":{"start":{"line":8,"column":25},"end":{"line":8,"column":36}}},"fnMap":{},"branchMap":{},"s":{"0":11,"1":11,"2":11,"3":11,"4":11},"f":{},"b":{},"_coverageSchema":"43e27e138ebf9cfc5966b082cf9a028302ed4184","hash":"5cf1d915f3daa77d00abf01666dc84764e143443"}
,"/Users/dongmin/lecture/sogae/swpp2020-team2/frontend/src/store/actions/events.js": {"path":"/Users/dongmin/lecture/sogae/swpp2020-team2/frontend/src/store/actions/events.js","statementMap":{"0":{"start":{"line":4,"column":0},"end":{"line":4,"column":44}},"1":{"start":{"line":5,"column":0},"end":{"line":5,"column":46}},"2":{"start":{"line":7,"column":25},"end":{"line":10,"column":2}},"3":{"start":{"line":7,"column":37},"end":{"line":10,"column":1}},"4":{"start":{"line":12,"column":24},"end":{"line":13,"column":47}},"5":{"start":{"line":12,"column":32},"end":{"line":13,"column":47}},"6":{"start":{"line":12,"column":46},"end":{"line":13,"column":47}},"7":{"start":{"line":13,"column":17},"end":{"line":13,"column":46}}},"fnMap":{"0":{"name":"(anonymous_0)","decl":{"start":{"line":7,"column":25},"end":{"line":7,"column":26}},"loc":{"start":{"line":7,"column":37},"end":{"line":10,"column":1}},"line":7},"1":{"name":"(anonymous_1)","decl":{"start":{"line":12,"column":24},"end":{"line":12,"column":25}},"loc":{"start":{"line":12,"column":32},"end":{"line":13,"column":47}},"line":12},"2":{"name":"(anonymous_2)","decl":{"start":{"line":12,"column":32},"end":{"line":12,"column":33}},"loc":{"start":{"line":12,"column":46},"end":{"line":13,"column":47}},"line":12},"3":{"name":"(anonymous_3)","decl":{"start":{"line":13,"column":8},"end":{"line":13,"column":9}},"loc":{"start":{"line":13,"column":17},"end":{"line":13,"column":46}},"line":13}},"branchMap":{},"s":{"0":9,"1":9,"2":9,"3":0,"4":9,"5":0,"6":0,"7":0},"f":{"0":0,"1":0,"2":0,"3":0},"b":{},"_coverageSchema":"43e27e138ebf9cfc5966b082cf9a028302ed4184","hash":"d492489b4885c9bc7110089f5fe0119ae7b9fea2"}
,"/Users/dongmin/lecture/sogae/swpp2020-team2/frontend/src/store/actions/index.js": {"path":"/Users/dongmin/lecture/sogae/swpp2020-team2/frontend/src/store/actions/index.js","statementMap":{},"fnMap":{},"branchMap":{},"s":{},"f":{},"b":{},"_coverageSchema":"43e27e138ebf9cfc5966b082cf9a028302ed4184","hash":"99d0a359bed8e7db6d3bab0651336a1ad97f730f"}
,"/Users/dongmin/lecture/sogae/swpp2020-team2/frontend/src/store/actions/user.js": {"path":"/Users/dongmin/lecture/sogae/swpp2020-team2/frontend/src/store/actions/user.js","statementMap":{"0":{"start":{"line":6,"column":0},"end":{"line":6,"column":44}},"1":{"start":{"line":7,"column":0},"end":{"line":7,"column":46}},"2":{"start":{"line":9,"column":19},"end":{"line":9,"column":29}},"3":{"start":{"line":10,"column":20},"end":{"line":10,"column":43}},"4":{"start":{"line":11,"column":20},"end":{"line":11,"column":44}},"5":{"start":{"line":12,"column":15},"end":{"line":157,"column":1}},"6":{"start":{"line":159,"column":28},"end":{"line":162,"column":2}},"7":{"start":{"line":159,"column":42},"end":{"line":162,"column":1}},"8":{"start":{"line":164,"column":27},"end":{"line":170,"column":1}},"9":{"start":{"line":165,"column":14},"end":{"line":165,"column":38}},"10":{"start":{"line":166,"column":2},"end":{"line":169,"column":4}},"11":{"start":{"line":172,"column":23},"end":{"line":172,"column":70}},"12":{"start":{"line":172,"column":34},"end":{"line":172,"column":69}},"13":{"start":{"line":174,"column":22},"end":{"line":183,"column":4}},"14":{"start":{"line":174,"column":32},"end":{"line":183,"column":4}},"15":{"start":{"line":174,"column":46},"end":{"line":183,"column":4}},"16":{"start":{"line":179,"column":4},"end":{"line":179,"column":32}},"17":{"start":{"line":182,"column":4},"end":{"line":182,"column":69}},"18":{"start":{"line":182,"column":36},"end":{"line":182,"column":69}},"19":{"start":{"line":185,"column":23},"end":{"line":185,"column":60}},"20":{"start":{"line":185,"column":30},"end":{"line":185,"column":59}},"21":{"start":{"line":187,"column":22},"end":{"line":199,"column":4}},"22":{"start":{"line":187,"column":32},"end":{"line":199,"column":4}},"23":{"start":{"line":187,"column":46},"end":{"line":199,"column":4}},"24":{"start":{"line":197,"column":4},"end":{"line":197,"column":24}},"25":{"start":{"line":198,"column":4},"end":{"line":198,"column":53}},"26":{"start":{"line":201,"column":25},"end":{"line":201,"column":63}},"27":{"start":{"line":201,"column":32},"end":{"line":201,"column":62}},"28":{"start":{"line":203,"column":24},"end":{"line":206,"column":4}},"29":{"start":{"line":203,"column":34},"end":{"line":206,"column":4}},"30":{"start":{"line":203,"column":48},"end":{"line":206,"column":4}},"31":{"start":{"line":205,"column":4},"end":{"line":205,"column":26}}},"fnMap":{"0":{"name":"(anonymous_0)","decl":{"start":{"line":159,"column":28},"end":{"line":159,"column":29}},"loc":{"start":{"line":159,"column":42},"end":{"line":162,"column":1}},"line":159},"1":{"name":"(anonymous_1)","decl":{"start":{"line":164,"column":27},"end":{"line":164,"column":28}},"loc":{"start":{"line":164,"column":33},"end":{"line":170,"column":1}},"line":164},"2":{"name":"(anonymous_2)","decl":{"start":{"line":172,"column":23},"end":{"line":172,"column":24}},"loc":{"start":{"line":172,"column":34},"end":{"line":172,"column":69}},"line":172},"3":{"name":"(anonymous_3)","decl":{"start":{"line":174,"column":22},"end":{"line":174,"column":23}},"loc":{"start":{"line":174,"column":32},"end":{"line":183,"column":4}},"line":174},"4":{"name":"(anonymous_4)","decl":{"start":{"line":174,"column":32},"end":{"line":174,"column":33}},"loc":{"start":{"line":174,"column":46},"end":{"line":183,"column":4}},"line":174},"5":{"name":"(anonymous_5)","decl":{"start":{"line":178,"column":8},"end":{"line":178,"column":9}},"loc":{"start":{"line":178,"column":17},"end":{"line":180,"column":3}},"line":178},"6":{"name":"(anonymous_6)","decl":{"start":{"line":181,"column":9},"end":{"line":181,"column":10}},"loc":{"start":{"line":181,"column":18},"end":{"line":183,"column":3}},"line":181},"7":{"name":"(anonymous_7)","decl":{"start":{"line":185,"column":23},"end":{"line":185,"column":24}},"loc":{"start":{"line":185,"column":30},"end":{"line":185,"column":59}},"line":185},"8":{"name":"(anonymous_8)","decl":{"start":{"line":187,"column":22},"end":{"line":187,"column":23}},"loc":{"start":{"line":187,"column":32},"end":{"line":199,"column":4}},"line":187},"9":{"name":"(anonymous_9)","decl":{"start":{"line":187,"column":32},"end":{"line":187,"column":33}},"loc":{"start":{"line":187,"column":46},"end":{"line":199,"column":4}},"line":187},"10":{"name":"(anonymous_10)","decl":{"start":{"line":196,"column":8},"end":{"line":196,"column":9}},"loc":{"start":{"line":196,"column":17},"end":{"line":199,"column":3}},"line":196},"11":{"name":"(anonymous_11)","decl":{"start":{"line":201,"column":25},"end":{"line":201,"column":26}},"loc":{"start":{"line":201,"column":32},"end":{"line":201,"column":62}},"line":201},"12":{"name":"(anonymous_12)","decl":{"start":{"line":203,"column":24},"end":{"line":203,"column":25}},"loc":{"start":{"line":203,"column":34},"end":{"line":206,"column":4}},"line":203},"13":{"name":"(anonymous_13)","decl":{"start":{"line":203,"column":34},"end":{"line":203,"column":35}},"loc":{"start":{"line":203,"column":48},"end":{"line":206,"column":4}},"line":203},"14":{"name":"(anonymous_14)","decl":{"start":{"line":204,"column":8},"end":{"line":204,"column":9}},"loc":{"start":{"line":204,"column":17},"end":{"line":206,"column":3}},"line":204}},"branchMap":{"0":{"loc":{"start":{"line":182,"column":4},"end":{"line":182,"column":69}},"type":"if","locations":[{"start":{"line":182,"column":4},"end":{"line":182,"column":69}},{"start":{"line":182,"column":4},"end":{"line":182,"column":69}}],"line":182}},"s":{"0":10,"1":10,"2":10,"3":10,"4":10,"5":10,"6":10,"7":0,"8":10,"9":1,"10":1,"11":10,"12":1,"13":10,"14":3,"15":3,"16":1,"17":2,"18":1,"19":10,"20":1,"21":10,"22":1,"23":1,"24":1,"25":1,"26":10,"27":1,"28":10,"29":3,"30":3,"31":1},"f":{"0":0,"1":1,"2":1,"3":3,"4":3,"5":1,"6":2,"7":1,"8":1,"9":1,"10":1,"11":1,"12":3,"13":3,"14":1},"b":{"0":[1,1]},"_coverageSchema":"43e27e138ebf9cfc5966b082cf9a028302ed4184","hash":"ec493a28d1f7d92cc9da821d7ede76b6318af6cb"}
,"/Users/dongmin/lecture/sogae/swpp2020-team2/frontend/src/store/reducers/eventReducer.js": {"path":"/Users/dongmin/lecture/sogae/swpp2020-team2/frontend/src/store/reducers/eventReducer.js","statementMap":{"0":{"start":{"line":3,"column":21},"end":{"line":5,"column":1}},"1":{"start":{"line":7,"column":21},"end":{"line":15,"column":1}},"2":{"start":{"line":8,"column":2},"end":{"line":13,"column":3}},"3":{"start":{"line":10,"column":6},"end":{"line":10,"column":49}},"4":{"start":{"line":12,"column":6},"end":{"line":12,"column":12}},"5":{"start":{"line":14,"column":2},"end":{"line":14,"column":15}}},"fnMap":{"0":{"name":"(anonymous_0)","decl":{"start":{"line":7,"column":21},"end":{"line":7,"column":22}},"loc":{"start":{"line":7,"column":55},"end":{"line":15,"column":1}},"line":7}},"branchMap":{"0":{"loc":{"start":{"line":7,"column":22},"end":{"line":7,"column":42}},"type":"default-arg","locations":[{"start":{"line":7,"column":30},"end":{"line":7,"column":42}}],"line":7},"1":{"loc":{"start":{"line":8,"column":2},"end":{"line":13,"column":3}},"type":"switch","locations":[{"start":{"line":9,"column":4},"end":{"line":10,"column":49}},{"start":{"line":11,"column":4},"end":{"line":12,"column":12}}],"line":8}},"s":{"0":10,"1":10,"2":31,"3":1,"4":30,"5":30},"f":{"0":31},"b":{"0":[27],"1":[1,30]},"_coverageSchema":"43e27e138ebf9cfc5966b082cf9a028302ed4184","hash":"2fbeb4ec2537441cdc1555c1805ac07ee039e086"}
,"/Users/dongmin/lecture/sogae/swpp2020-team2/frontend/src/store/reducers/eventsReducer.js": {"path":"/Users/dongmin/lecture/sogae/swpp2020-team2/frontend/src/store/reducers/eventsReducer.js","statementMap":{},"fnMap":{},"branchMap":{},"s":{},"f":{},"b":{},"hash":"8d4588f7c3e0c09d0f6e6b29c9441fa59f942c9f"}
,"/Users/dongmin/lecture/sogae/swpp2020-team2/frontend/src/store/reducers/userReducer.js": {"path":"/Users/dongmin/lecture/sogae/swpp2020-team2/frontend/src/store/reducers/userReducer.js","statementMap":{"0":{"start":{"line":3,"column":21},"end":{"line":5,"column":1}},"1":{"start":{"line":7,"column":20},"end":{"line":19,"column":1}},"2":{"start":{"line":8,"column":2},"end":{"line":17,"column":3}},"3":{"start":{"line":10,"column":6},"end":{"line":10,"column":53}},"4":{"start":{"line":12,"column":6},"end":{"line":12,"column":19}},"5":{"start":{"line":14,"column":6},"end":{"line":14,"column":19}},"6":{"start":{"line":16,"column":6},"end":{"line":16,"column":12}},"7":{"start":{"line":18,"column":2},"end":{"line":18,"column":15}}},"fnMap":{"0":{"name":"(anonymous_0)","decl":{"start":{"line":7,"column":20},"end":{"line":7,"column":21}},"loc":{"start":{"line":7,"column":54},"end":{"line":19,"column":1}},"line":7}},"branchMap":{"0":{"loc":{"start":{"line":7,"column":21},"end":{"line":7,"column":41}},"type":"default-arg","locations":[{"start":{"line":7,"column":29},"end":{"line":7,"column":41}}],"line":7},"1":{"loc":{"start":{"line":8,"column":2},"end":{"line":17,"column":3}},"type":"switch","locations":[{"start":{"line":9,"column":4},"end":{"line":10,"column":53}},{"start":{"line":11,"column":4},"end":{"line":12,"column":19}},{"start":{"line":13,"column":4},"end":{"line":14,"column":19}},{"start":{"line":15,"column":4},"end":{"line":16,"column":12}}],"line":8}},"s":{"0":9,"1":9,"2":30,"3":1,"4":1,"5":1,"6":27,"7":27},"f":{"0":30},"b":{"0":[27],"1":[1,1,1,27]},"_coverageSchema":"43e27e138ebf9cfc5966b082cf9a028302ed4184","hash":"d14730e43104122557f5d61f863407cd4fe59ef3"}
,"/Users/dongmin/lecture/sogae/swpp2020-team2/frontend/src/test-utils/mocks.js": {"path":"/Users/dongmin/lecture/sogae/swpp2020-team2/frontend/src/test-utils/mocks.js","statementMap":{"0":{"start":{"line":8,"column":23},"end":{"line":16,"column":1}},"1":{"start":{"line":9,"column":20},"end":{"line":15,"column":3}},"2":{"start":{"line":10,"column":4},"end":{"line":13,"column":5}},"3":{"start":{"line":12,"column":8},"end":{"line":12,"column":14}},"4":{"start":{"line":14,"column":4},"end":{"line":14,"column":17}},"5":{"start":{"line":18,"column":21},"end":{"line":28,"column":1}},"6":{"start":{"line":19,"column":26},"end":{"line":19,"column":54}},"7":{"start":{"line":20,"column":22},"end":{"line":23,"column":4}},"8":{"start":{"line":24,"column":27},"end":{"line":24,"column":81}},"9":{"start":{"line":25,"column":20},"end":{"line":26,"column":54}},"10":{"start":{"line":27,"column":2},"end":{"line":27,"column":19}}},"fnMap":{"0":{"name":"(anonymous_0)","decl":{"start":{"line":9,"column":2},"end":{"line":9,"column":3}},"loc":{"start":{"line":9,"column":20},"end":{"line":15,"column":3}},"line":9},"1":{"name":"(anonymous_1)","decl":{"start":{"line":9,"column":20},"end":{"line":9,"column":21}},"loc":{"start":{"line":9,"column":54},"end":{"line":15,"column":3}},"line":9},"2":{"name":"(anonymous_2)","decl":{"start":{"line":18,"column":21},"end":{"line":18,"column":22}},"loc":{"start":{"line":18,"column":39},"end":{"line":28,"column":1}},"line":18}},"branchMap":{"0":{"loc":{"start":{"line":9,"column":21},"end":{"line":9,"column":41}},"type":"default-arg","locations":[{"start":{"line":9,"column":29},"end":{"line":9,"column":41}}],"line":9},"1":{"loc":{"start":{"line":10,"column":4},"end":{"line":13,"column":5}},"type":"switch","locations":[{"start":{"line":11,"column":6},"end":{"line":12,"column":14}}],"line":10},"2":{"loc":{"start":{"line":24,"column":27},"end":{"line":24,"column":81}},"type":"binary-expr","locations":[{"start":{"line":24,"column":27},"end":{"line":24,"column":70}},{"start":{"line":24,"column":74},"end":{"line":24,"column":81}}],"line":24}},"s":{"0":7,"1":16,"2":52,"3":52,"4":52,"5":7,"6":16,"7":16,"8":16,"9":16,"10":16},"f":{"0":16,"1":52,"2":16},"b":{"0":[48],"1":[52],"2":[16,16]},"_coverageSchema":"43e27e138ebf9cfc5966b082cf9a028302ed4184","hash":"7f719c1c855af616784458367ac16519b04f5e21"}
}
