TN:
SF:/mnt/c/1래건/학교/소개원실/swpp2020-team2/frontend/src/App.js
FN:9,App
FN:18,(anonymous_1)
FNF:2
FNH:2
FNDA:2,App
FNDA:2,(anonymous_1)
DA:10,2
DA:18,2
LF:2
LH:2
BRF:0
BRH:0
end_of_record
TN:
SF:/mnt/c/1래건/학교/소개원실/swpp2020-team2/frontend/src/containers/main/Main.js
FN:12,(anonymous_0)
FN:18,(anonymous_1)
FN:26,(anonymous_2)
FN:36,(anonymous_3)
FN:43,(anonymous_4)
FN:45,(anonymous_5)
FN:47,(anonymous_6)
FN:53,(anonymous_7)
FN:57,(anonymous_8)
FN:58,(anonymous_9)
FNF:10
FNH:0
FNDA:0,(anonymous_0)
FNDA:0,(anonymous_1)
FNDA:0,(anonymous_2)
FNDA:0,(anonymous_3)
FNDA:0,(anonymous_4)
FNDA:0,(anonymous_5)
FNDA:0,(anonymous_6)
FNDA:0,(anonymous_7)
FNDA:0,(anonymous_8)
FNDA:0,(anonymous_9)
DA:7,0
DA:13,0
DA:14,0
DA:18,0
DA:19,0
DA:20,0
DA:21,0
DA:23,0
DA:27,0
DA:36,0
DA:43,0
DA:45,0
DA:47,0
DA:53,0
DA:57,0
DA:58,0
LF:16
LH:0
BRDA:13,0,0,0
BRDA:13,0,1,0
BRDA:14,1,0,0
BRDA:14,1,1,0
BRDA:19,2,0,0
BRDA:19,2,1,0
BRDA:19,3,0,0
BRDA:19,3,1,0
BRF:8
BRH:0
end_of_record
TN:
SF:/mnt/c/1래건/학교/소개원실/swpp2020-team2/frontend/src/containers/signup/Activate.js
FN:12,(anonymous_0)
FN:16,(anonymous_1)
FN:22,(anonymous_2)
FN:30,(anonymous_3)
FN:36,(anonymous_4)
FN:40,(anonymous_5)
FN:41,(anonymous_6)
FNF:7
FNH:0
FNDA:0,(anonymous_0)
FNDA:0,(anonymous_1)
FNDA:0,(anonymous_2)
FNDA:0,(anonymous_3)
FNDA:0,(anonymous_4)
FNDA:0,(anonymous_5)
FNDA:0,(anonymous_6)
DA:7,0
DA:13,0
DA:17,0
DA:18,0
DA:23,0
DA:30,0
DA:36,1
DA:40,1
DA:41,0
LF:9
LH:2
BRDA:17,0,0,0
BRDA:17,0,1,0
BRF:2
BRH:0
end_of_record
TN:
SF:/mnt/c/1래건/학교/소개원실/swpp2020-team2/frontend/src/containers/signup/Signup.js
FN:18,(anonymous_0)
FN:24,(anonymous_1)
FN:75,(anonymous_2)
FN:84,(anonymous_3)
FN:92,(anonymous_4)
FN:100,(anonymous_5)
FN:104,(anonymous_6)
FN:110,(anonymous_7)
FN:121,(anonymous_8)
FN:129,(anonymous_9)
FN:137,(anonymous_10)
FN:139,(anonymous_11)
FN:145,(anonymous_12)
FN:149,(anonymous_13)
FN:150,(anonymous_14)
FNF:15
FNH:0
FNDA:0,(anonymous_0)
FNDA:0,(anonymous_1)
FNDA:0,(anonymous_2)
FNDA:0,(anonymous_3)
FNDA:0,(anonymous_4)
FNDA:0,(anonymous_5)
FNDA:0,(anonymous_6)
FNDA:0,(anonymous_7)
FNDA:0,(anonymous_8)
FNDA:0,(anonymous_9)
FNDA:0,(anonymous_10)
FNDA:0,(anonymous_11)
FNDA:0,(anonymous_12)
FNDA:0,(anonymous_13)
FNDA:0,(anonymous_14)
DA:7,0
DA:19,0
DA:20,0
DA:24,0
DA:25,0
DA:26,0
DA:27,0
DA:29,0
DA:30,0
DA:31,0
DA:32,0
DA:34,0
DA:35,0
DA:36,0
DA:38,0
DA:39,0
DA:40,0
DA:42,0
DA:43,0
DA:44,0
DA:46,0
DA:47,0
DA:48,0
DA:49,0
DA:51,0
DA:52,0
DA:53,0
DA:55,0
DA:56,0
DA:57,0
DA:58,0
DA:60,0
DA:61,0
DA:62,0
DA:64,0
DA:76,0
DA:84,0
DA:92,0
DA:100,0
DA:104,0
DA:110,0
DA:121,0
DA:129,0
DA:137,0
DA:139,0
DA:145,1
DA:149,1
DA:150,0
LF:48
LH:2
BRDA:19,0,0,0
BRDA:19,0,1,0
BRDA:20,1,0,0
BRDA:20,1,1,0
BRDA:25,2,0,0
BRDA:25,2,1,0
BRDA:25,3,0,0
BRDA:25,3,1,0
BRDA:25,3,2,0
BRDA:25,3,3,0
BRDA:25,3,4,0
BRDA:25,3,5,0
BRDA:25,3,6,0
BRDA:25,3,7,0
BRDA:32,4,0,0
BRDA:32,4,1,0
BRDA:32,5,0,0
BRDA:32,5,1,0
BRDA:32,5,2,0
BRDA:32,5,3,0
BRDA:32,5,4,0
BRDA:32,5,5,0
BRDA:32,5,6,0
BRDA:34,6,0,0
BRDA:34,6,1,0
BRDA:38,7,0,0
BRDA:38,7,1,0
BRDA:42,8,0,0
BRDA:42,8,1,0
BRDA:49,9,0,0
BRDA:49,9,1,0
BRDA:49,10,0,0
BRDA:49,10,1,0
BRDA:49,10,2,0
BRDA:49,10,3,0
BRDA:51,11,0,0
BRDA:51,11,1,0
BRDA:58,12,0,0
BRDA:58,12,1,0
BRDA:58,13,0,0
BRDA:58,13,1,0
BRDA:58,13,2,0
BRDA:58,13,3,0
BRDA:60,14,0,0
BRDA:60,14,1,0
BRF:45
BRH:0
end_of_record
TN:
SF:/mnt/c/1래건/학교/소개원실/swpp2020-team2/frontend/src/store/store.js
FNF:0
FNH:0
DA:10,1
DA:11,1
DA:15,1
DA:17,1
DA:18,1
LF:5
LH:5
BRDA:17,0,0,1
BRDA:17,0,1,1
BRF:2
BRH:2
end_of_record
TN:
SF:/mnt/c/1래건/학교/소개원실/swpp2020-team2/frontend/src/store/actions/actionTypes.js
FNF:0
FNH:0
DA:1,1
DA:2,1
DA:3,1
LF:3
LH:3
BRF:0
BRH:0
end_of_record
TN:
SF:/mnt/c/1래건/학교/소개원실/swpp2020-team2/frontend/src/store/actions/actions.js
FN:7,(anonymous_0)
FN:9,(anonymous_1)
FN:9,(anonymous_2)
FN:13,(anonymous_3)
FN:17,(anonymous_4)
FN:19,(anonymous_5)
FN:19,(anonymous_6)
FN:28,(anonymous_7)
FN:32,(anonymous_8)
FN:34,(anonymous_9)
FN:34,(anonymous_10)
FN:35,(anonymous_11)
FNF:12
FNH:0
FNDA:0,(anonymous_0)
FNDA:0,(anonymous_1)
FNDA:0,(anonymous_2)
FNDA:0,(anonymous_3)
FNDA:0,(anonymous_4)
FNDA:0,(anonymous_5)
FNDA:0,(anonymous_6)
FNDA:0,(anonymous_7)
FNDA:0,(anonymous_8)
FNDA:0,(anonymous_9)
FNDA:0,(anonymous_10)
FNDA:0,(anonymous_11)
DA:4,1
DA:5,1
DA:7,1
DA:9,1
DA:14,0
DA:17,1
DA:19,1
DA:29,0
DA:32,1
DA:34,1
DA:36,0
LF:11
LH:8
BRF:0
BRH:0
end_of_record
TN:
SF:/mnt/c/1래건/학교/소개원실/swpp2020-team2/frontend/src/store/actions/index.js
FNF:0
FNH:0
LF:0
LH:0
BRF:0
BRH:0
end_of_record
TN:
SF:/mnt/c/1래건/학교/소개원실/swpp2020-team2/frontend/src/store/reducers/userReducer.js
FN:7,(anonymous_0)
FNF:1
FNH:1
FNDA:3,(anonymous_0)
DA:3,1
DA:7,1
DA:8,3
DA:10,0
DA:12,0
DA:14,0
DA:16,3
DA:18,3
LF:8
LH:5
BRDA:7,0,0,3
BRDA:8,1,0,0
BRDA:8,1,1,0
BRDA:8,1,2,0
BRDA:8,1,3,3
BRF:5
BRH:2
end_of_record
TN:
SF:/mnt/c/1래건/학교/소개원실/swpp2020-team2/frontend/src/test-utils/mocks.js
FN:9,(anonymous_0)
FN:9,(anonymous_1)
FN:18,(anonymous_2)
FNF:3
FNH:3
FNDA:1,(anonymous_0)
FNDA:7,(anonymous_1)
FNDA:1,(anonymous_2)
DA:8,1
DA:9,1
DA:10,7
DA:12,7
DA:14,7
DA:18,1
DA:19,1
DA:20,1
DA:24,1
DA:25,1
DA:27,1
LF:11
LH:11
BRDA:9,0,0,3
BRDA:10,1,0,7
BRDA:24,2,0,1
BRDA:24,2,1,1
BRF:4
BRH:4
end_of_record
