TN:
SF:/mnt/c/1래건/학교/소개원실/swpp2020-team2/frontend/src/App.js
FN:14,App
FN:27,(anonymous_1)
FNF:2
FNH:2
FNDA:2,App
FNDA:2,(anonymous_1)
DA:15,2
DA:27,2
LF:2
LH:2
BRF:0
BRH:0
end_of_record
TN:
SF:/mnt/c/1래건/학교/소개원실/swpp2020-team2/frontend/src/components/Calendar/Calendar.js
FN:15,(anonymous_0)
FN:20,(anonymous_1)
FN:24,(anonymous_2)
FN:28,(anonymous_3)
FN:32,(anonymous_4)
FN:32,(anonymous_5)
FN:38,(anonymous_6)
FN:38,(anonymous_7)
FN:44,(anonymous_8)
FN:52,(anonymous_9)
FN:63,(anonymous_10)
FN:74,(anonymous_11)
FN:75,(anonymous_12)
FN:85,(anonymous_13)
FN:86,(anonymous_14)
FNF:15
FNH:11
FNDA:5,(anonymous_0)
FNDA:1,(anonymous_1)
FNDA:1,(anonymous_2)
FNDA:5,(anonymous_3)
FNDA:1,(anonymous_4)
FNDA:0,(anonymous_5)
FNDA:1,(anonymous_6)
FNDA:0,(anonymous_7)
FNDA:5,(anonymous_8)
FNDA:5,(anonymous_9)
FNDA:175,(anonymous_10)
FNDA:1680,(anonymous_11)
FNDA:6,(anonymous_12)
FNDA:0,(anonymous_13)
FNDA:0,(anonymous_14)
DA:15,3
DA:18,5
DA:19,5
DA:20,5
DA:21,1
DA:22,1
DA:24,5
DA:25,1
DA:26,1
DA:28,5
DA:29,5
DA:30,5
DA:32,1
DA:38,1
DA:44,5
DA:45,5
DA:46,5
DA:47,5
DA:48,35
DA:50,5
DA:52,5
DA:53,5
DA:54,5
DA:55,5
DA:56,5
DA:57,5
DA:58,5
DA:59,5
DA:60,5
DA:61,5
DA:62,5
DA:63,5
DA:64,175
DA:65,151
DA:68,5
DA:70,5
DA:71,25
DA:72,175
DA:73,175
DA:74,1680
DA:75,175
DA:76,175
DA:77,175
DA:78,1400
DA:80,175
DA:81,175
DA:85,0
DA:86,0
DA:94,175
DA:96,25
DA:101,25
DA:103,5
DA:106,5
LF:53
LH:51
BRDA:22,0,0,0
BRDA:22,0,1,1
BRDA:26,1,0,0
BRDA:26,1,1,1
BRDA:64,2,0,24
BRDA:64,2,1,151
BRDA:74,3,0,35
BRDA:74,3,1,140
BRDA:78,4,0,6
BRDA:78,4,1,1394
BRF:10
BRH:8
end_of_record
TN:
SF:/mnt/c/1래건/학교/소개원실/swpp2020-team2/frontend/src/components/List/List.js
FN:4,(anonymous_0)
FN:5,(anonymous_1)
FN:19,(anonymous_2)
FNF:3
FNH:0
FNDA:0,(anonymous_0)
FNDA:0,(anonymous_1)
FNDA:0,(anonymous_2)
DA:4,0
DA:5,0
DA:8,0
DA:9,0
DA:18,0
DA:19,0
DA:20,0
DA:22,0
LF:8
LH:0
BRF:0
BRH:0
end_of_record
TN:
SF:/mnt/c/1래건/학교/소개원실/swpp2020-team2/frontend/src/components/SideBar/SideBar.js
FN:5,(anonymous_0)
FN:14,(anonymous_1)
FN:18,(anonymous_2)
FN:19,(anonymous_3)
FN:24,includingSubmit
FN:28,tagSubmit
FN:33,(anonymous_6)
FN:37,(anonymous_7)
FN:49,(anonymous_8)
FN:54,(anonymous_9)
FN:62,(anonymous_10)
FN:63,(anonymous_11)
FN:64,(anonymous_12)
FN:68,(anonymous_13)
FN:74,(anonymous_14)
FN:77,(anonymous_15)
FNF:16
FNH:4
FNDA:1,(anonymous_0)
FNDA:1,(anonymous_1)
FNDA:0,(anonymous_2)
FNDA:0,(anonymous_3)
FNDA:0,includingSubmit
FNDA:0,tagSubmit
FNDA:1,(anonymous_6)
FNDA:0,(anonymous_7)
FNDA:0,(anonymous_8)
FNDA:0,(anonymous_9)
FNDA:0,(anonymous_10)
FNDA:0,(anonymous_11)
FNDA:0,(anonymous_12)
FNDA:0,(anonymous_13)
FNDA:1,(anonymous_14)
FNDA:0,(anonymous_15)
DA:5,2
DA:14,1
DA:15,1
DA:18,0
DA:19,0
DA:25,0
DA:29,0
DA:32,1
DA:33,1
DA:34,1
DA:35,1
DA:36,8
DA:37,0
DA:43,1
DA:49,0
DA:54,0
DA:62,0
DA:63,0
DA:64,0
DA:68,0
DA:74,1
DA:75,1
DA:77,0
DA:83,1
LF:24
LH:12
BRF:0
BRH:0
end_of_record
TN:
SF:/mnt/c/1래건/학교/소개원실/swpp2020-team2/frontend/src/components/TopBar/TopBar.js
FN:4,(anonymous_0)
FNF:1
FNH:1
FNDA:2,(anonymous_0)
DA:4,3
DA:5,2
LF:2
LH:2
BRF:0
BRH:0
end_of_record
TN:
SF:/mnt/c/1래건/학교/소개원실/swpp2020-team2/frontend/src/components/eventBox/EventBox.js
FN:8,(anonymous_0)
FN:30,(anonymous_1)
FNF:2
FNH:0
FNDA:0,(anonymous_0)
FNDA:0,(anonymous_1)
DA:8,2
DA:9,0
DA:30,0
LF:3
LH:1
BRDA:12,0,0,0
BRDA:12,0,1,0
BRDA:13,1,0,0
BRDA:13,1,1,0
BRDA:14,2,0,0
BRDA:14,2,1,0
BRDA:15,3,0,0
BRDA:15,3,1,0
BRDA:16,4,0,0
BRDA:16,4,1,0
BRDA:17,5,0,0
BRDA:17,5,1,0
BRDA:18,6,0,0
BRDA:18,6,1,0
BRF:14
BRH:0
end_of_record
TN:
SF:/mnt/c/1래건/학교/소개원실/swpp2020-team2/frontend/src/components/eventListModal/EventListModal.js
FN:18,(anonymous_0)
FN:28,(anonymous_1)
FN:32,(anonymous_2)
FN:36,(anonymous_3)
FN:40,(anonymous_4)
FN:44,(anonymous_5)
FN:45,(anonymous_6)
FN:48,(anonymous_7)
FN:49,(anonymous_8)
FN:50,(anonymous_9)
FN:51,(anonymous_10)
FN:70,(anonymous_11)
FN:75,(anonymous_12)
FN:90,(anonymous_13)
FN:94,(anonymous_14)
FNF:15
FNH:0
FNDA:0,(anonymous_0)
FNDA:0,(anonymous_1)
FNDA:0,(anonymous_2)
FNDA:0,(anonymous_3)
FNDA:0,(anonymous_4)
FNDA:0,(anonymous_5)
FNDA:0,(anonymous_6)
FNDA:0,(anonymous_7)
FNDA:0,(anonymous_8)
FNDA:0,(anonymous_9)
FNDA:0,(anonymous_10)
FNDA:0,(anonymous_11)
FNDA:0,(anonymous_12)
FNDA:0,(anonymous_13)
FNDA:0,(anonymous_14)
DA:12,0
DA:19,0
DA:20,0
DA:21,0
DA:28,0
DA:32,0
DA:36,0
DA:40,0
DA:41,0
DA:45,0
DA:46,0
DA:48,0
DA:49,0
DA:50,0
DA:51,0
DA:54,0
DA:70,0
DA:75,0
DA:90,2
DA:94,2
LF:20
LH:2
BRF:0
BRH:0
end_of_record
TN:
SF:/mnt/c/1래건/학교/소개원실/swpp2020-team2/frontend/src/containers/event/Create/EventCreate.js
FN:21,(anonymous_0)
FN:25,(anonymous_1)
FN:29,(anonymous_2)
FN:41,(anonymous_3)
FN:57,(anonymous_4)
FN:64,(anonymous_5)
FN:81,(anonymous_6)
FN:94,(anonymous_7)
FN:103,(anonymous_8)
FN:118,(anonymous_9)
FN:125,(anonymous_10)
FN:140,(anonymous_11)
FN:146,(anonymous_12)
FN:149,(anonymous_13)
FN:157,(anonymous_14)
FN:169,(anonymous_15)
FN:174,(anonymous_16)
FN:175,(anonymous_17)
FNF:18
FNH:0
FNDA:0,(anonymous_0)
FNDA:0,(anonymous_1)
FNDA:0,(anonymous_2)
FNDA:0,(anonymous_3)
FNDA:0,(anonymous_4)
FNDA:0,(anonymous_5)
FNDA:0,(anonymous_6)
FNDA:0,(anonymous_7)
FNDA:0,(anonymous_8)
FNDA:0,(anonymous_9)
FNDA:0,(anonymous_10)
FNDA:0,(anonymous_11)
FNDA:0,(anonymous_12)
FNDA:0,(anonymous_13)
FNDA:0,(anonymous_14)
FNDA:0,(anonymous_15)
FNDA:0,(anonymous_16)
FNDA:0,(anonymous_17)
DA:11,0
DA:21,0
DA:25,0
DA:26,0
DA:30,0
DA:32,0
DA:41,0
DA:57,0
DA:94,0
DA:118,0
DA:125,0
DA:140,0
DA:157,0
DA:169,1
DA:174,1
DA:175,0
LF:16
LH:2
BRDA:30,0,0,0
BRDA:30,0,1,0
BRDA:30,0,2,0
BRDA:30,0,3,0
BRF:4
BRH:0
end_of_record
TN:
SF:/mnt/c/1래건/학교/소개원실/swpp2020-team2/frontend/src/containers/event/Detail/EventDetail.js
FN:31,(anonymous_0)
FN:35,(anonymous_1)
FN:39,(anonymous_2)
FN:43,(anonymous_3)
FN:47,(anonymous_4)
FN:51,(anonymous_5)
FN:55,(anonymous_6)
FN:76,(anonymous_7)
FN:83,(anonymous_8)
FN:86,(anonymous_9)
FN:89,(anonymous_10)
FN:167,(anonymous_11)
FN:172,(anonymous_12)
FN:173,(anonymous_13)
FNF:14
FNH:0
FNDA:0,(anonymous_0)
FNDA:0,(anonymous_1)
FNDA:0,(anonymous_2)
FNDA:0,(anonymous_3)
FNDA:0,(anonymous_4)
FNDA:0,(anonymous_5)
FNDA:0,(anonymous_6)
FNDA:0,(anonymous_7)
FNDA:0,(anonymous_8)
FNDA:0,(anonymous_9)
FNDA:0,(anonymous_10)
FNDA:0,(anonymous_11)
FNDA:0,(anonymous_12)
FNDA:0,(anonymous_13)
DA:12,0
DA:31,0
DA:32,0
DA:35,0
DA:36,0
DA:39,0
DA:43,0
DA:47,0
DA:51,0
DA:57,0
DA:67,0
DA:76,0
DA:83,0
DA:86,0
DA:89,0
DA:167,1
DA:172,1
DA:173,0
LF:18
LH:2
BRF:0
BRH:0
end_of_record
TN:
SF:/mnt/c/1래건/학교/소개원실/swpp2020-team2/frontend/src/containers/event/Modify/EventModify.js
FN:8,(anonymous_0)
FN:17,(anonymous_1)
FN:21,(anonymous_2)
FNF:3
FNH:0
FNDA:0,(anonymous_0)
FNDA:0,(anonymous_1)
FNDA:0,(anonymous_2)
DA:9,0
DA:17,1
DA:21,1
LF:3
LH:2
BRF:0
BRH:0
end_of_record
TN:
SF:/mnt/c/1래건/학교/소개원실/swpp2020-team2/frontend/src/containers/main/Main.js
FN:14,(anonymous_0)
FN:20,(anonymous_1)
FN:28,(anonymous_2)
FN:49,(anonymous_3)
FN:58,(anonymous_4)
FN:64,(anonymous_5)
FN:68,(anonymous_6)
FN:82,(anonymous_7)
FN:86,(anonymous_8)
FN:87,(anonymous_9)
FNF:10
FNH:5
FNDA:2,(anonymous_0)
FNDA:0,(anonymous_1)
FNDA:4,(anonymous_2)
FNDA:0,(anonymous_3)
FNDA:0,(anonymous_4)
FNDA:0,(anonymous_5)
FNDA:1,(anonymous_6)
FNDA:4,(anonymous_7)
FNDA:4,(anonymous_8)
FNDA:0,(anonymous_9)
DA:9,4
DA:15,2
DA:16,2
DA:20,4
DA:21,0
DA:22,0
DA:23,0
DA:25,0
DA:29,4
DA:49,0
DA:58,0
DA:64,0
DA:68,1
DA:82,4
DA:86,4
DA:87,0
LF:16
LH:8
BRDA:15,0,0,2
BRDA:15,0,1,0
BRDA:16,1,0,1
BRDA:16,1,1,1
BRDA:21,2,0,0
BRDA:21,2,1,0
BRDA:21,3,0,0
BRDA:21,3,1,0
BRF:8
BRH:3
end_of_record
TN:
SF:/mnt/c/1래건/학교/소개원실/swpp2020-team2/frontend/src/containers/public/Public.js
FN:11,onClickEvent
FN:16,(anonymous_1)
FN:42,(anonymous_2)
FN:47,(anonymous_3)
FN:51,(anonymous_4)
FN:60,(anonymous_5)
FN:66,(anonymous_6)
FN:72,(anonymous_7)
FN:78,(anonymous_8)
FN:84,(anonymous_9)
FN:85,(anonymous_10)
FN:95,(anonymous_11)
FN:96,(anonymous_12)
FN:102,(anonymous_13)
FN:103,(anonymous_14)
FN:109,(anonymous_15)
FN:115,(anonymous_16)
FN:140,(anonymous_17)
FN:158,(anonymous_18)
FN:162,(anonymous_19)
FN:163,(anonymous_20)
FNF:21
FNH:6
FNDA:0,onClickEvent
FNDA:1,(anonymous_1)
FNDA:1,(anonymous_2)
FNDA:0,(anonymous_3)
FNDA:0,(anonymous_4)
FNDA:0,(anonymous_5)
FNDA:0,(anonymous_6)
FNDA:0,(anonymous_7)
FNDA:0,(anonymous_8)
FNDA:0,(anonymous_9)
FNDA:0,(anonymous_10)
FNDA:0,(anonymous_11)
FNDA:0,(anonymous_12)
FNDA:0,(anonymous_13)
FNDA:0,(anonymous_14)
FNDA:0,(anonymous_15)
FNDA:1,(anonymous_16)
FNDA:0,(anonymous_17)
FNDA:1,(anonymous_18)
FNDA:1,(anonymous_19)
FNDA:1,(anonymous_20)
DA:17,1
DA:18,1
DA:30,1
DA:31,1
DA:32,1
DA:33,1
DA:34,1
DA:35,1
DA:36,1
DA:37,1
DA:38,1
DA:39,1
DA:43,1
DA:44,1
DA:48,0
DA:53,0
DA:61,0
DA:67,0
DA:73,0
DA:79,0
DA:85,0
DA:86,0
DA:87,0
DA:88,0
DA:89,0
DA:96,0
DA:97,0
DA:98,0
DA:103,0
DA:104,0
DA:105,0
DA:110,0
DA:116,1
DA:118,1
DA:119,1
DA:120,0
DA:131,1
DA:140,0
DA:158,2
DA:162,2
DA:163,1
LF:41
LH:21
BRDA:87,0,0,0
BRDA:87,0,1,0
BRDA:97,1,0,0
BRDA:97,1,1,0
BRDA:104,2,0,0
BRDA:104,2,1,0
BRDA:119,3,0,0
BRDA:119,3,1,1
BRF:8
BRH:1
end_of_record
TN:
SF:/mnt/c/1래건/학교/소개원실/swpp2020-team2/frontend/src/containers/signup/Activate.js
FN:8,(anonymous_0)
FN:15,(anonymous_1)
FN:27,(anonymous_2)
FN:33,(anonymous_3)
FN:37,(anonymous_4)
FN:38,(anonymous_5)
FNF:6
FNH:6
FNDA:2,(anonymous_0)
FNDA:2,(anonymous_1)
FNDA:1,(anonymous_2)
FNDA:2,(anonymous_3)
FNDA:2,(anonymous_4)
FNDA:2,(anonymous_5)
DA:9,2
DA:16,2
DA:27,1
DA:33,2
DA:37,2
DA:38,2
LF:6
LH:6
BRF:0
BRH:0
end_of_record
TN:
SF:/mnt/c/1래건/학교/소개원실/swpp2020-team2/frontend/src/containers/signup/Signup.js
FN:20,(anonymous_0)
FN:26,(anonymous_1)
FN:79,(anonymous_2)
FN:84,(anonymous_3)
FN:104,(anonymous_4)
FN:115,(anonymous_5)
FN:126,(anonymous_6)
FN:133,(anonymous_7)
FN:142,(anonymous_8)
FN:156,(anonymous_9)
FN:167,(anonymous_10)
FN:178,(anonymous_11)
FN:182,(anonymous_12)
FN:194,(anonymous_13)
FN:198,(anonymous_14)
FN:199,(anonymous_15)
FNF:16
FNH:16
FNDA:15,(anonymous_0)
FNDA:7,(anonymous_1)
FNDA:18,(anonymous_2)
FNDA:1,(anonymous_3)
FNDA:2,(anonymous_4)
FNDA:1,(anonymous_5)
FNDA:2,(anonymous_6)
FNDA:1,(anonymous_7)
FNDA:1,(anonymous_8)
FNDA:2,(anonymous_9)
FNDA:2,(anonymous_10)
FNDA:2,(anonymous_11)
FNDA:7,(anonymous_12)
FNDA:5,(anonymous_13)
FNDA:5,(anonymous_14)
FNDA:1,(anonymous_15)
DA:9,5
DA:21,15
DA:22,2
DA:26,5
DA:27,7
DA:28,1
DA:29,1
DA:31,6
DA:32,6
DA:33,79
DA:34,79
DA:36,6
DA:37,1
DA:38,1
DA:40,5
DA:41,1
DA:42,1
DA:50,4
DA:51,4
DA:52,36
DA:53,36
DA:55,4
DA:56,2
DA:57,2
DA:59,2
DA:60,2
DA:61,17
DA:62,17
DA:64,2
DA:65,1
DA:66,1
DA:68,1
DA:80,18
DA:84,1
DA:104,2
DA:115,1
DA:126,2
DA:133,1
DA:142,1
DA:156,2
DA:167,2
DA:178,2
DA:182,7
DA:194,5
DA:198,5
DA:199,1
LF:46
LH:46
BRDA:21,0,0,2
BRDA:21,0,1,13
BRDA:22,1,0,1
BRDA:22,1,1,1
BRDA:27,2,0,1
BRDA:27,2,1,6
BRDA:27,3,0,7
BRDA:27,3,1,6
BRDA:27,3,2,6
BRDA:27,3,3,6
BRDA:27,3,4,6
BRDA:27,3,5,6
BRDA:27,3,6,6
BRDA:27,3,7,6
BRDA:34,4,0,1
BRDA:34,4,1,78
BRDA:34,5,0,79
BRDA:34,5,1,72
BRDA:34,5,2,7
BRDA:34,5,3,6
BRDA:34,5,4,7
BRDA:34,5,5,7
BRDA:34,5,6,7
BRDA:36,6,0,1
BRDA:36,6,1,5
BRDA:40,7,0,1
BRDA:40,7,1,4
BRDA:53,8,0,2
BRDA:53,8,1,34
BRDA:53,9,0,36
BRDA:53,9,1,34
BRDA:53,9,2,2
BRDA:53,9,3,2
BRDA:55,10,0,2
BRDA:55,10,1,2
BRDA:62,11,0,1
BRDA:62,11,1,16
BRDA:62,12,0,17
BRDA:62,12,1,16
BRDA:62,12,2,1
BRDA:62,12,3,1
BRDA:64,13,0,1
BRDA:64,13,1,1
BRF:43
BRH:43
end_of_record
TN:
SF:/mnt/c/1래건/학교/소개원실/swpp2020-team2/frontend/src/images/index.js
FNF:0
FNH:0
DA:1,5
DA:2,5
DA:3,5
DA:4,5
DA:5,5
DA:6,5
DA:7,5
DA:8,5
DA:10,5
DA:21,5
DA:23,5
DA:25,5
LF:12
LH:12
BRF:0
BRH:0
end_of_record
TN:
SF:/mnt/c/1래건/학교/소개원실/swpp2020-team2/frontend/src/store/store.js
FNF:0
FNH:0
DA:11,6
DA:12,6
DA:17,6
DA:19,6
DA:20,6
LF:5
LH:5
BRDA:19,0,0,6
BRDA:19,0,1,6
BRF:2
BRH:2
end_of_record
TN:
SF:/mnt/c/1래건/학교/소개원실/swpp2020-team2/frontend/src/store/actions/actionTypes.js
FNF:0
FNH:0
DA:2,7
DA:3,7
DA:4,7
DA:7,7
DA:8,7
LF:5
LH:5
BRF:0
BRH:0
end_of_record
TN:
SF:/mnt/c/1래건/학교/소개원실/swpp2020-team2/frontend/src/store/actions/events.js
FN:7,(anonymous_0)
FN:12,(anonymous_1)
FN:12,(anonymous_2)
FN:13,(anonymous_3)
FNF:4
FNH:0
FNDA:0,(anonymous_0)
FNDA:0,(anonymous_1)
FNDA:0,(anonymous_2)
FNDA:0,(anonymous_3)
DA:4,5
DA:5,5
DA:7,5
DA:12,5
DA:13,0
LF:5
LH:4
BRF:0
BRH:0
end_of_record
TN:
SF:/mnt/c/1래건/학교/소개원실/swpp2020-team2/frontend/src/store/actions/index.js
FNF:0
FNH:0
LF:0
LH:0
BRF:0
BRH:0
end_of_record
TN:
SF:/mnt/c/1래건/학교/소개원실/swpp2020-team2/frontend/src/store/actions/user.js
FN:159,(anonymous_0)
FN:164,(anonymous_1)
FN:172,(anonymous_2)
FN:174,(anonymous_3)
FN:174,(anonymous_4)
FN:178,(anonymous_5)
FN:181,(anonymous_6)
FN:185,(anonymous_7)
FN:187,(anonymous_8)
FN:187,(anonymous_9)
FN:196,(anonymous_10)
FN:201,(anonymous_11)
FN:203,(anonymous_12)
FN:203,(anonymous_13)
FN:204,(anonymous_14)
FNF:15
FNH:14
FNDA:0,(anonymous_0)
FNDA:1,(anonymous_1)
FNDA:1,(anonymous_2)
FNDA:3,(anonymous_3)
FNDA:3,(anonymous_4)
FNDA:1,(anonymous_5)
FNDA:2,(anonymous_6)
FNDA:1,(anonymous_7)
FNDA:1,(anonymous_8)
FNDA:1,(anonymous_9)
FNDA:1,(anonymous_10)
FNDA:1,(anonymous_11)
FNDA:3,(anonymous_12)
FNDA:3,(anonymous_13)
FNDA:1,(anonymous_14)
DA:6,6
DA:7,6
DA:9,6
DA:10,6
DA:11,6
DA:12,6
DA:159,6
DA:164,6
DA:165,1
DA:166,1
DA:172,6
DA:174,6
DA:179,1
DA:182,2
DA:185,6
DA:187,6
DA:197,1
DA:198,1
DA:201,6
DA:203,6
DA:205,1
LF:21
LH:21
BRDA:182,0,0,1
BRDA:182,0,1,1
BRF:2
BRH:2
end_of_record
TN:
SF:/mnt/c/1래건/학교/소개원실/swpp2020-team2/frontend/src/store/reducers/eventReducer.js
FN:7,(anonymous_0)
FNF:1
FNH:1
FNDA:22,(anonymous_0)
DA:3,7
DA:7,7
DA:8,22
DA:10,1
DA:12,21
DA:14,21
LF:6
LH:6
BRDA:7,0,0,18
BRDA:8,1,0,1
BRDA:8,1,1,21
BRF:3
BRH:3
end_of_record
TN:
SF:/mnt/c/1래건/학교/소개원실/swpp2020-team2/frontend/src/store/reducers/eventsReducer.js
FNF:0
FNH:0
LF:0
LH:0
BRF:0
BRH:0
end_of_record
TN:
SF:/mnt/c/1래건/학교/소개원실/swpp2020-team2/frontend/src/store/reducers/userReducer.js
FN:7,(anonymous_0)
FNF:1
FNH:1
FNDA:21,(anonymous_0)
DA:3,6
DA:7,6
DA:8,21
DA:10,1
DA:12,1
DA:14,1
DA:16,18
DA:18,18
LF:8
LH:8
BRDA:7,0,0,18
BRDA:8,1,0,1
BRDA:8,1,1,1
BRDA:8,1,2,1
BRDA:8,1,3,18
BRF:5
BRH:5
end_of_record
TN:
SF:/mnt/c/1래건/학교/소개원실/swpp2020-team2/frontend/src/test-utils/mocks.js
FN:9,(anonymous_0)
FN:9,(anonymous_1)
FN:18,(anonymous_2)
FNF:3
FNH:3
FNDA:12,(anonymous_0)
FNDA:40,(anonymous_1)
FNDA:12,(anonymous_2)
DA:8,4
DA:9,12
DA:10,40
DA:12,40
DA:14,40
DA:18,4
DA:19,12
DA:20,12
DA:24,12
DA:25,12
DA:27,12
LF:11
LH:11
BRDA:9,0,0,36
BRDA:10,1,0,40
BRDA:24,2,0,12
BRDA:24,2,1,12
BRF:4
BRH:4
end_of_record
